<?xml version="1.0" encoding="UTF-8"?>
<testsuite name="com.kkalletla.DroolsWithReactJsApplicationTests" time="0.079" tests="1" errors="1" skipped="0" failures="0">
  <properties>
[...]
</properties>
  <testcase name="contextLoads" classname="com.kkalletla.DroolsWithReactJsApplicationTests" time="0.079">
    <error message="Failed to load ApplicationContext" type="java.lang.IllegalStateException">java.lang.IllegalStateException: Failed to load ApplicationContext
	at org.springframework.test.context.cache.DefaultCacheAwareContextLoaderDelegate.loadContext(DefaultCacheAwareContextLoaderDelegate.java:124)
	at org.springframework.test.context.support.DefaultTestContext.getApplicationContext(DefaultTestContext.java:83)
	at org.springframework.test.context.web.ServletTestExecutionListener.setUpRequestContextIfNecessary(ServletTestExecutionListener.java:189)
	at org.springframework.test.context.web.ServletTestExecutionListener.prepareTestInstance(ServletTestExecutionListener.java:131)
	at org.springframework.test.context.TestContextManager.prepareTestInstance(TestContextManager.java:230)
	at org.springframework.test.context.junit4.SpringJUnit4ClassRunner.createTest(SpringJUnit4ClassRunner.java:228)
	at org.springframework.test.context.junit4.SpringJUnit4ClassRunner$1.runReflectiveCall(SpringJUnit4ClassRunner.java:287)
	at org.junit.internal.runners.model.ReflectiveCallable.run(ReflectiveCallable.java:12)
	at org.springframework.test.context.junit4.SpringJUnit4ClassRunner.methodBlock(SpringJUnit4ClassRunner.java:289)
	at org.springframework.test.context.junit4.SpringJUnit4ClassRunner.runChild(SpringJUnit4ClassRunner.java:247)
	at org.springframework.test.context.junit4.SpringJUnit4ClassRunner.runChild(SpringJUnit4ClassRunner.java:94)
	at org.junit.runners.ParentRunner$3.run(ParentRunner.java:290)
	at org.junit.runners.ParentRunner$1.schedule(ParentRunner.java:71)
	at org.junit.runners.ParentRunner.runChildren(ParentRunner.java:288)
	at org.junit.runners.ParentRunner.access$000(ParentRunner.java:58)
	at org.junit.runners.ParentRunner$2.evaluate(ParentRunner.java:268)
	at org.springframework.test.context.junit4.statements.RunBeforeTestClassCallbacks.evaluate(RunBeforeTestClassCallbacks.java:61)
	at org.springframework.test.context.junit4.statements.RunAfterTestClassCallbacks.evaluate(RunAfterTestClassCallbacks.java:70)
	at org.junit.runners.ParentRunner.run(ParentRunner.java:363)
	at org.springframework.test.context.junit4.SpringJUnit4ClassRunner.run(SpringJUnit4ClassRunner.java:191)
	at org.apache.maven.surefire.junit4.JUnit4Provider.execute(JUnit4Provider.java:283)
	at org.apache.maven.surefire.junit4.JUnit4Provider.executeWithRerun(JUnit4Provider.java:173)
	at org.apache.maven.surefire.junit4.JUnit4Provider.executeTestSet(JUnit4Provider.java:153)
	at org.apache.maven.surefire.junit4.JUnit4Provider.invoke(JUnit4Provider.java:128)
	at org.apache.maven.surefire.booter.ForkedBooter.invokeProviderInSameClassLoader(ForkedBooter.java:203)
	at org.apache.maven.surefire.booter.ForkedBooter.runSuitesInProcess(ForkedBooter.java:155)
	at org.apache.maven.surefire.booter.ForkedBooter.main(ForkedBooter.java:103)
Caused by: org.springframework.beans.factory.BeanDefinitionStoreException: Failed to parse configuration class [com.kkalletla.DroolsWithReactJsApplication]; nested exception is java.lang.IllegalStateException: Failed to introspect annotated methods on class com.kkalletla.DroolsWithReactJsApplication
	at org.springframework.context.annotation.ConfigurationClassParser.parse(ConfigurationClassParser.java:181)
	at org.springframework.context.annotation.ConfigurationClassPostProcessor.processConfigBeanDefinitions(ConfigurationClassPostProcessor.java:308)
	at org.springframework.context.annotation.ConfigurationClassPostProcessor.postProcessBeanDefinitionRegistry(ConfigurationClassPostProcessor.java:228)
	at org.springframework.context.support.PostProcessorRegistrationDelegate.invokeBeanDefinitionRegistryPostProcessors(PostProcessorRegistrationDelegate.java:270)
	at org.springframework.context.support.PostProcessorRegistrationDelegate.invokeBeanFactoryPostProcessors(PostProcessorRegistrationDelegate.java:93)
	at org.springframework.context.support.AbstractApplicationContext.invokeBeanFactoryPostProcessors(AbstractApplicationContext.java:687)
	at org.springframework.context.support.AbstractApplicationContext.refresh(AbstractApplicationContext.java:525)
	at org.springframework.boot.SpringApplication.refresh(SpringApplication.java:693)
	at org.springframework.boot.SpringApplication.refreshContext(SpringApplication.java:360)
	at org.springframework.boot.SpringApplication.run(SpringApplication.java:303)
	at org.springframework.boot.test.context.SpringBootContextLoader.loadContext(SpringBootContextLoader.java:120)
	at org.springframework.test.context.cache.DefaultCacheAwareContextLoaderDelegate.loadContextInternal(DefaultCacheAwareContextLoaderDelegate.java:98)
	at org.springframework.test.context.cache.DefaultCacheAwareContextLoaderDelegate.loadContext(DefaultCacheAwareContextLoaderDelegate.java:116)
	at org.springframework.test.context.support.DefaultTestContext.getApplicationContext(DefaultTestContext.java:83)
	at org.springframework.test.context.web.ServletTestExecutionListener.setUpRequestContextIfNecessary(ServletTestExecutionListener.java:189)
	at org.springframework.test.context.web.ServletTestExecutionListener.prepareTestInstance(ServletTestExecutionListener.java:131)
	at org.springframework.test.context.TestContextManager.prepareTestInstance(TestContextManager.java:230)
	at org.springframework.test.context.junit4.SpringJUnit4ClassRunner.createTest(SpringJUnit4ClassRunner.java:228)
	at org.springframework.test.context.junit4.SpringJUnit4ClassRunner$1.runReflectiveCall(SpringJUnit4ClassRunner.java:287)
	at org.junit.internal.runners.model.ReflectiveCallable.run(ReflectiveCallable.java:12)
	at org.springframework.test.context.junit4.SpringJUnit4ClassRunner.methodBlock(SpringJUnit4ClassRunner.java:289)
	at org.springframework.test.context.junit4.SpringJUnit4ClassRunner.runChild(SpringJUnit4ClassRunner.java:247)
	at org.springframework.test.context.junit4.SpringJUnit4ClassRunner.runChild(SpringJUnit4ClassRunner.java:94)
	at org.junit.runners.ParentRunner$3.run(ParentRunner.java:290)
	at org.junit.runners.ParentRunner$1.schedule(ParentRunner.java:71)
	at org.junit.runners.ParentRunner.runChildren(ParentRunner.java:288)
	at org.junit.runners.ParentRunner.access$000(ParentRunner.java:58)
	at org.junit.runners.ParentRunner$2.evaluate(ParentRunner.java:268)
	at org.springframework.test.context.junit4.statements.RunBeforeTestClassCallbacks.evaluate(RunBeforeTestClassCallbacks.java:61)
	at org.springframework.test.context.junit4.statements.RunAfterTestClassCallbacks.evaluate(RunAfterTestClassCallbacks.java:70)
	at org.junit.runners.ParentRunner.run(ParentRunner.java:363)
	at org.springframework.test.context.junit4.SpringJUnit4ClassRunner.run(SpringJUnit4ClassRunner.java:191)
	at org.apache.maven.surefire.junit4.JUnit4Provider.execute(JUnit4Provider.java:283)
	at org.apache.maven.surefire.junit4.JUnit4Provider.executeWithRerun(JUnit4Provider.java:173)
	at org.apache.maven.surefire.junit4.JUnit4Provider.executeTestSet(JUnit4Provider.java:153)
	at org.apache.maven.surefire.junit4.JUnit4Provider.invoke(JUnit4Provider.java:128)
	at org.apache.maven.surefire.booter.ForkedBooter.invokeProviderInSameClassLoader(ForkedBooter.java:203)
	at org.apache.maven.surefire.booter.ForkedBooter.runSuitesInProcess(ForkedBooter.java:155)
	at org.apache.maven.surefire.booter.ForkedBooter.main(ForkedBooter.java:103)
Caused by: java.lang.IllegalStateException: Failed to introspect annotated methods on class com.kkalletla.DroolsWithReactJsApplication
	at org.springframework.core.type.StandardAnnotationMetadata.getAnnotatedMethods(StandardAnnotationMetadata.java:163)
	at org.springframework.context.annotation.ConfigurationClassParser.retrieveBeanMethodMetadata(ConfigurationClassParser.java:380)
	at org.springframework.context.annotation.ConfigurationClassParser.doProcessConfigurationClass(ConfigurationClassParser.java:314)
	at org.springframework.context.annotation.ConfigurationClassParser.processConfigurationClass(ConfigurationClassParser.java:245)
	at org.springframework.context.annotation.ConfigurationClassParser.parse(ConfigurationClassParser.java:198)
	at org.springframework.context.annotation.ConfigurationClassParser.parse(ConfigurationClassParser.java:167)
	at org.springframework.context.annotation.ConfigurationClassPostProcessor.processConfigBeanDefinitions(ConfigurationClassPostProcessor.java:308)
	at org.springframework.context.annotation.ConfigurationClassPostProcessor.postProcessBeanDefinitionRegistry(ConfigurationClassPostProcessor.java:228)
	at org.springframework.context.support.PostProcessorRegistrationDelegate.invokeBeanDefinitionRegistryPostProcessors(PostProcessorRegistrationDelegate.java:270)
	at org.springframework.context.support.PostProcessorRegistrationDelegate.invokeBeanFactoryPostProcessors(PostProcessorRegistrationDelegate.java:93)
	at org.springframework.context.support.AbstractApplicationContext.invokeBeanFactoryPostProcessors(AbstractApplicationContext.java:687)
	at org.springframework.context.support.AbstractApplicationContext.refresh(AbstractApplicationContext.java:525)
	at org.springframework.boot.SpringApplication.refresh(SpringApplication.java:693)
	at org.springframework.boot.SpringApplication.refreshContext(SpringApplication.java:360)
	at org.springframework.boot.SpringApplication.run(SpringApplication.java:303)
	at org.springframework.boot.test.context.SpringBootContextLoader.loadContext(SpringBootContextLoader.java:120)
	at org.springframework.test.context.cache.DefaultCacheAwareContextLoaderDelegate.loadContextInternal(DefaultCacheAwareContextLoaderDelegate.java:98)
	at org.springframework.test.context.cache.DefaultCacheAwareContextLoaderDelegate.loadContext(DefaultCacheAwareContextLoaderDelegate.java:116)
	at org.springframework.test.context.support.DefaultTestContext.getApplicationContext(DefaultTestContext.java:83)
	at org.springframework.test.context.web.ServletTestExecutionListener.setUpRequestContextIfNecessary(ServletTestExecutionListener.java:189)
	at org.springframework.test.context.web.ServletTestExecutionListener.prepareTestInstance(ServletTestExecutionListener.java:131)
	at org.springframework.test.context.TestContextManager.prepareTestInstance(TestContextManager.java:230)
	at org.springframework.test.context.junit4.SpringJUnit4ClassRunner.createTest(SpringJUnit4ClassRunner.java:228)
	at org.springframework.test.context.junit4.SpringJUnit4ClassRunner$1.runReflectiveCall(SpringJUnit4ClassRunner.java:287)
	at org.junit.internal.runners.model.ReflectiveCallable.run(ReflectiveCallable.java:12)
	at org.springframework.test.context.junit4.SpringJUnit4ClassRunner.methodBlock(SpringJUnit4ClassRunner.java:289)
	at org.springframework.test.context.junit4.SpringJUnit4ClassRunner.runChild(SpringJUnit4ClassRunner.java:247)
	at org.springframework.test.context.junit4.SpringJUnit4ClassRunner.runChild(SpringJUnit4ClassRunner.java:94)
	at org.junit.runners.ParentRunner$3.run(ParentRunner.java:290)
	at org.junit.runners.ParentRunner$1.schedule(ParentRunner.java:71)
	at org.junit.runners.ParentRunner.runChildren(ParentRunner.java:288)
	at org.junit.runners.ParentRunner.access$000(ParentRunner.java:58)
	at org.junit.runners.ParentRunner$2.evaluate(ParentRunner.java:268)
	at org.springframework.test.context.junit4.statements.RunBeforeTestClassCallbacks.evaluate(RunBeforeTestClassCallbacks.java:61)
	at org.springframework.test.context.junit4.statements.RunAfterTestClassCallbacks.evaluate(RunAfterTestClassCallbacks.java:70)
	at org.junit.runners.ParentRunner.run(ParentRunner.java:363)
	at org.springframework.test.context.junit4.SpringJUnit4ClassRunner.run(SpringJUnit4ClassRunner.java:191)
	at org.apache.maven.surefire.junit4.JUnit4Provider.execute(JUnit4Provider.java:283)
	at org.apache.maven.surefire.junit4.JUnit4Provider.executeWithRerun(JUnit4Provider.java:173)
	at org.apache.maven.surefire.junit4.JUnit4Provider.executeTestSet(JUnit4Provider.java:153)
	at org.apache.maven.surefire.junit4.JUnit4Provider.invoke(JUnit4Provider.java:128)
	at org.apache.maven.surefire.booter.ForkedBooter.invokeProviderInSameClassLoader(ForkedBooter.java:203)
	at org.apache.maven.surefire.booter.ForkedBooter.runSuitesInProcess(ForkedBooter.java:155)
	at org.apache.maven.surefire.booter.ForkedBooter.main(ForkedBooter.java:103)
Caused by: java.lang.NoClassDefFoundError: KieContainer
	at java.lang.Class.getDeclaredMethods0(Native Method)
	at java.lang.Class.privateGetDeclaredMethods(Class.java:2701)
	at java.lang.Class.getDeclaredMethods(Class.java:1975)
	at org.springframework.core.type.StandardAnnotationMetadata.getAnnotatedMethods(StandardAnnotationMetadata.java:152)
	at org.springframework.context.annotation.ConfigurationClassParser.retrieveBeanMethodMetadata(ConfigurationClassParser.java:380)
	at org.springframework.context.annotation.ConfigurationClassParser.doProcessConfigurationClass(ConfigurationClassParser.java:314)
	at org.springframework.context.annotation.ConfigurationClassParser.processConfigurationClass(ConfigurationClassParser.java:245)
	at org.springframework.context.annotation.ConfigurationClassParser.parse(ConfigurationClassParser.java:198)
	at org.springframework.context.annotation.ConfigurationClassParser.parse(ConfigurationClassParser.java:167)
	at org.springframework.context.annotation.ConfigurationClassPostProcessor.processConfigBeanDefinitions(ConfigurationClassPostProcessor.java:308)
	at org.springframework.context.annotation.ConfigurationClassPostProcessor.postProcessBeanDefinitionRegistry(ConfigurationClassPostProcessor.java:228)
	at org.springframework.context.support.PostProcessorRegistrationDelegate.invokeBeanDefinitionRegistryPostProcessors(PostProcessorRegistrationDelegate.java:270)
	at org.springframework.context.support.PostProcessorRegistrationDelegate.invokeBeanFactoryPostProcessors(PostProcessorRegistrationDelegate.java:93)
	at org.springframework.context.support.AbstractApplicationContext.invokeBeanFactoryPostProcessors(AbstractApplicationContext.java:687)
	at org.springframework.context.support.AbstractApplicationContext.refresh(AbstractApplicationContext.java:525)
	at org.springframework.boot.SpringApplication.refresh(SpringApplication.java:693)
	at org.springframework.boot.SpringApplication.refreshContext(SpringApplication.java:360)
	at org.springframework.boot.SpringApplication.run(SpringApplication.java:303)
	at org.springframework.boot.test.context.SpringBootContextLoader.loadContext(SpringBootContextLoader.java:120)
	at org.springframework.test.context.cache.DefaultCacheAwareContextLoaderDelegate.loadContextInternal(DefaultCacheAwareContextLoaderDelegate.java:98)
	at org.springframework.test.context.cache.DefaultCacheAwareContextLoaderDelegate.loadContext(DefaultCacheAwareContextLoaderDelegate.java:116)
	at org.springframework.test.context.support.DefaultTestContext.getApplicationContext(DefaultTestContext.java:83)
	at org.springframework.test.context.web.ServletTestExecutionListener.setUpRequestContextIfNecessary(ServletTestExecutionListener.java:189)
	at org.springframework.test.context.web.ServletTestExecutionListener.prepareTestInstance(ServletTestExecutionListener.java:131)
	at org.springframework.test.context.TestContextManager.prepareTestInstance(TestContextManager.java:230)
	at org.springframework.test.context.junit4.SpringJUnit4ClassRunner.createTest(SpringJUnit4ClassRunner.java:228)
	at org.springframework.test.context.junit4.SpringJUnit4ClassRunner$1.runReflectiveCall(SpringJUnit4ClassRunner.java:287)
	at org.junit.internal.runners.model.ReflectiveCallable.run(ReflectiveCallable.java:12)
	at org.springframework.test.context.junit4.SpringJUnit4ClassRunner.methodBlock(SpringJUnit4ClassRunner.java:289)
	at org.springframework.test.context.junit4.SpringJUnit4ClassRunner.runChild(SpringJUnit4ClassRunner.java:247)
	at org.springframework.test.context.junit4.SpringJUnit4ClassRunner.runChild(SpringJUnit4ClassRunner.java:94)
	at org.junit.runners.ParentRunner$3.run(ParentRunner.java:290)
	at org.junit.runners.ParentRunner$1.schedule(ParentRunner.java:71)
	at org.junit.runners.ParentRunner.runChildren(ParentRunner.java:288)
	at org.junit.runners.ParentRunner.access$000(ParentRunner.java:58)
	at org.junit.runners.ParentRunner$2.evaluate(ParentRunner.java:268)
	at org.springframework.test.context.junit4.statements.RunBeforeTestClassCallbacks.evaluate(RunBeforeTestClassCallbacks.java:61)
	at org.springframework.test.context.junit4.statements.RunAfterTestClassCallbacks.evaluate(RunAfterTestClassCallbacks.java:70)
	at org.junit.runners.ParentRunner.run(ParentRunner.java:363)
	at org.springframework.test.context.junit4.SpringJUnit4ClassRunner.run(SpringJUnit4ClassRunner.java:191)
	at org.apache.maven.surefire.junit4.JUnit4Provider.execute(JUnit4Provider.java:283)
	at org.apache.maven.surefire.junit4.JUnit4Provider.executeWithRerun(JUnit4Provider.java:173)
	at org.apache.maven.surefire.junit4.JUnit4Provider.executeTestSet(JUnit4Provider.java:153)
	at org.apache.maven.surefire.junit4.JUnit4Provider.invoke(JUnit4Provider.java:128)
	at org.apache.maven.surefire.booter.ForkedBooter.invokeProviderInSameClassLoader(ForkedBooter.java:203)
	at org.apache.maven.surefire.booter.ForkedBooter.runSuitesInProcess(ForkedBooter.java:155)
	at org.apache.maven.surefire.booter.ForkedBooter.main(ForkedBooter.java:103)
Caused by: java.lang.ClassNotFoundException: KieContainer
	at java.net.URLClassLoader.findClass(URLClassLoader.java:381)
	at java.lang.ClassLoader.loadClass(ClassLoader.java:424)
	at sun.misc.Launcher$AppClassLoader.loadClass(Launcher.java:335)
	at java.lang.ClassLoader.loadClass(ClassLoader.java:357)
	at java.lang.Class.getDeclaredMethods0(Native Method)
	at java.lang.Class.privateGetDeclaredMethods(Class.java:2701)
	at java.lang.Class.getDeclaredMethods(Class.java:1975)
	at org.springframework.core.type.StandardAnnotationMetadata.getAnnotatedMethods(StandardAnnotationMetadata.java:152)
	at org.springframework.context.annotation.ConfigurationClassParser.retrieveBeanMethodMetadata(ConfigurationClassParser.java:380)
	at org.springframework.context.annotation.ConfigurationClassParser.doProcessConfigurationClass(ConfigurationClassParser.java:314)
	at org.springframework.context.annotation.ConfigurationClassParser.processConfigurationClass(ConfigurationClassParser.java:245)
	at org.springframework.context.annotation.ConfigurationClassParser.parse(ConfigurationClassParser.java:198)
	at org.springframework.context.annotation.ConfigurationClassParser.parse(ConfigurationClassParser.java:167)
	at org.springframework.context.annotation.ConfigurationClassPostProcessor.processConfigBeanDefinitions(ConfigurationClassPostProcessor.java:308)
	at org.springframework.context.annotation.ConfigurationClassPostProcessor.postProcessBeanDefinitionRegistry(ConfigurationClassPostProcessor.java:228)
	at org.springframework.context.support.PostProcessorRegistrationDelegate.invokeBeanDefinitionRegistryPostProcessors(PostProcessorRegistrationDelegate.java:270)
	at org.springframework.context.support.PostProcessorRegistrationDelegate.invokeBeanFactoryPostProcessors(PostProcessorRegistrationDelegate.java:93)
	at org.springframework.context.support.AbstractApplicationContext.invokeBeanFactoryPostProcessors(AbstractApplicationContext.java:687)
	at org.springframework.context.support.AbstractApplicationContext.refresh(AbstractApplicationContext.java:525)
	at org.springframework.boot.SpringApplication.refresh(SpringApplication.java:693)
	at org.springframework.boot.SpringApplication.refreshContext(SpringApplication.java:360)
	at org.springframework.boot.SpringApplication.run(SpringApplication.java:303)
	at org.springframework.boot.test.context.SpringBootContextLoader.loadContext(SpringBootContextLoader.java:120)
	at org.springframework.test.context.cache.DefaultCacheAwareContextLoaderDelegate.loadContextInternal(DefaultCacheAwareContextLoaderDelegate.java:98)
	at org.springframework.test.context.cache.DefaultCacheAwareContextLoaderDelegate.loadContext(DefaultCacheAwareContextLoaderDelegate.java:116)
	at org.springframework.test.context.support.DefaultTestContext.getApplicationContext(DefaultTestContext.java:83)
	at org.springframework.test.context.web.ServletTestExecutionListener.setUpRequestContextIfNecessary(ServletTestExecutionListener.java:189)
	at org.springframework.test.context.web.ServletTestExecutionListener.prepareTestInstance(ServletTestExecutionListener.java:131)
	at org.springframework.test.context.TestContextManager.prepareTestInstance(TestContextManager.java:230)
	at org.springframework.test.context.junit4.SpringJUnit4ClassRunner.createTest(SpringJUnit4ClassRunner.java:228)
	at org.springframework.test.context.junit4.SpringJUnit4ClassRunner$1.runReflectiveCall(SpringJUnit4ClassRunner.java:287)
	at org.junit.internal.runners.model.ReflectiveCallable.run(ReflectiveCallable.java:12)
	at org.springframework.test.context.junit4.SpringJUnit4ClassRunner.methodBlock(SpringJUnit4ClassRunner.java:289)
	at org.springframework.test.context.junit4.SpringJUnit4ClassRunner.runChild(SpringJUnit4ClassRunner.java:247)
	at org.springframework.test.context.junit4.SpringJUnit4ClassRunner.runChild(SpringJUnit4ClassRunner.java:94)
	at org.junit.runners.ParentRunner$3.run(ParentRunner.java:290)
	at org.junit.runners.ParentRunner$1.schedule(ParentRunner.java:71)
	at org.junit.runners.ParentRunner.runChildren(ParentRunner.java:288)
	at org.junit.runners.ParentRunner.access$000(ParentRunner.java:58)
	at org.junit.runners.ParentRunner$2.evaluate(ParentRunner.java:268)
	at org.springframework.test.context.junit4.statements.RunBeforeTestClassCallbacks.evaluate(RunBeforeTestClassCallbacks.java:61)
	at org.springframework.test.context.junit4.statements.RunAfterTestClassCallbacks.evaluate(RunAfterTestClassCallbacks.java:70)
	at org.junit.runners.ParentRunner.run(ParentRunner.java:363)
	at org.springframework.test.context.junit4.SpringJUnit4ClassRunner.run(SpringJUnit4ClassRunner.java:191)
	at org.apache.maven.surefire.junit4.JUnit4Provider.execute(JUnit4Provider.java:283)
	at org.apache.maven.surefire.junit4.JUnit4Provider.executeWithRerun(JUnit4Provider.java:173)
	at org.apache.maven.surefire.junit4.JUnit4Provider.executeTestSet(JUnit4Provider.java:153)
	at org.apache.maven.surefire.junit4.JUnit4Provider.invoke(JUnit4Provider.java:128)
	at org.apache.maven.surefire.booter.ForkedBooter.invokeProviderInSameClassLoader(ForkedBooter.java:203)
	at org.apache.maven.surefire.booter.ForkedBooter.runSuitesInProcess(ForkedBooter.java:155)
	at org.apache.maven.surefire.booter.ForkedBooter.main(ForkedBooter.java:103)
</error>
    <system-out><![CDATA[19:52:46.405 [main] DEBUG org.springframework.test.context.junit4.SpringJUnit4ClassRunner - SpringJUnit4ClassRunner constructor called with [class com.kkalletla.DroolsWithReactJsApplicationTests]
19:52:46.414 [main] DEBUG org.springframework.test.context.BootstrapUtils - Instantiating CacheAwareContextLoaderDelegate from class [org.springframework.test.context.cache.DefaultCacheAwareContextLoaderDelegate]
19:52:46.444 [main] DEBUG org.springframework.test.context.BootstrapUtils - Instantiating BootstrapContext using constructor [public org.springframework.test.context.support.DefaultBootstrapContext(java.lang.Class,org.springframework.test.context.CacheAwareContextLoaderDelegate)]
19:52:46.472 [main] DEBUG org.springframework.test.context.BootstrapUtils - Instantiating TestContextBootstrapper for test class [com.kkalletla.DroolsWithReactJsApplicationTests] from class [org.springframework.boot.test.context.SpringBootTestContextBootstrapper]
19:52:46.727 [main] INFO org.springframework.boot.test.context.SpringBootTestContextBootstrapper - Neither @ContextConfiguration nor @ContextHierarchy found for test class [com.kkalletla.DroolsWithReactJsApplicationTests], using SpringBootContextLoader
19:52:46.732 [main] DEBUG org.springframework.test.context.support.AbstractContextLoader - Did not detect default resource location for test class [com.kkalletla.DroolsWithReactJsApplicationTests]: class path resource [com/kkalletla/DroolsWithReactJsApplicationTests-context.xml] does not exist
19:52:46.733 [main] DEBUG org.springframework.test.context.support.AbstractContextLoader - Did not detect default resource location for test class [com.kkalletla.DroolsWithReactJsApplicationTests]: class path resource [com/kkalletla/DroolsWithReactJsApplicationTestsContext.groovy] does not exist
19:52:46.733 [main] INFO org.springframework.test.context.support.AbstractContextLoader - Could not detect default resource locations for test class [com.kkalletla.DroolsWithReactJsApplicationTests]: no resource found for suffixes {-context.xml, Context.groovy}.
19:52:46.739 [main] INFO org.springframework.test.context.support.AnnotationConfigContextLoaderUtils - Could not detect default configuration classes for test class [com.kkalletla.DroolsWithReactJsApplicationTests]: DroolsWithReactJsApplicationTests does not declare any static, non-private, non-final, nested classes annotated with @Configuration.
19:52:46.978 [main] DEBUG org.springframework.test.context.support.ActiveProfilesUtils - Could not find an 'annotation declaring class' for annotation type [org.springframework.test.context.ActiveProfiles] and class [com.kkalletla.DroolsWithReactJsApplicationTests]
19:52:46.995 [main] DEBUG org.springframework.core.env.StandardEnvironment - Adding PropertySource 'systemProperties' with lowest search precedence
19:52:46.996 [main] DEBUG org.springframework.core.env.StandardEnvironment - Adding PropertySource 'systemEnvironment' with lowest search precedence
19:52:46.997 [main] DEBUG org.springframework.core.env.StandardEnvironment - Initialized StandardEnvironment with PropertySources [MapPropertySource@712256162 {name='systemProperties', properties={java.runtime.name=Java(TM) SE Runtime Environment, sun.boot.library.path=C:\Program Files\Java\jdk1.8.0_144\jre\bin, java.vm.version=25.144-b01, java.vm.vendor=Oracle Corporation, java.vendor.url=http://java.oracle.com/, path.separator=;, java.vm.name=Java HotSpot(TM) 64-Bit Server VM, file.encoding.pkg=sun.io, user.country=US, user.script=, sun.java.launcher=SUN_STANDARD, sun.os.patch.level=, java.vm.specification.name=Java Virtual Machine Specification, user.dir=C:\Users\krant\OneDrive\JavaTrainning\DroolsWithReactJS, java.runtime.version=1.8.0_144-b01, basedir=C:\Users\krant\OneDrive\JavaTrainning\DroolsWithReactJS, java.awt.graphicsenv=sun.awt.Win32GraphicsEnvironment, java.endorsed.dirs=C:\Program Files\Java\jdk1.8.0_144\jre\lib\endorsed, os.arch=amd64, surefire.real.class.path=C:\Users\krant\OneDrive\JavaTrainning\DroolsWithReactJS\target\surefire\surefirebooter4741398877357897397.jar, java.io.tmpdir=C:\Users\krant\AppData\Local\Temp\, line.separator=
, java.vm.specification.vendor=Oracle Corporation, user.variant=, os.name=Windows 10, sun.jnu.encoding=Cp1252, java.library.path=C:\Program Files\Java\jdk1.8.0_144\jre\bin;C:\WINDOWS\Sun\Java\bin;C:\WINDOWS\system32;C:\WINDOWS;C:/Program Files/Java/jre1.8.0_144/bin/server;C:/Program Files/Java/jre1.8.0_144/bin;C:/Program Files/Java/jre1.8.0_144/lib/amd64;D:\app\krant\product\11.2.0\client_1;D:\app\krant\product\11.2.0\dbhome_1\bin;C:\ProgramData\Oracle\Java\javapath;C:\WINDOWS\system32;C:\WINDOWS;C:\WINDOWS\System32\Wbem;C:\WINDOWS\System32\WindowsPowerShell\v1.0\;C:\Program Files\Java\jdk1.8.0_144\bin;C:\Program Files\MySQL\MySQL Utilities 1.6\;C:\Program Files\PuTTY\;C:\Program Files\Git\cmd;C:\Users\krant\Desktop\openssl-0.9.8s-x64_86-win64;E:\Software\apache-maven-3.5.0-bin\bin;;C:\Program Files\Cloud Foundry;C:\Program Files\nodejs\;C:\Program Files\Amazon\AWSCLI\;C:\Users\krant\AppData\Local\Microsoft\WindowsApps;C:\Users\krant\AppData\Local\GitHubDesktop\bin;C:\Program Files\Docker Toolbox;C:\Users\krant\AppData\Roaming\npm;C:\WINDOWS\System32;;., surefire.test.class.path=C:\Users\krant\OneDrive\JavaTrainning\DroolsWithReactJS\target\test-classes;C:\Users\krant\OneDrive\JavaTrainning\DroolsWithReactJS\target\classes;C:\Users\krant\.m2\repository\org\springframework\boot\spring-boot-starter-web\1.5.7.RELEASE\spring-boot-starter-web-1.5.7.RELEASE.jar;C:\Users\krant\.m2\repository\org\springframework\boot\spring-boot-starter\1.5.7.RELEASE\spring-boot-starter-1.5.7.RELEASE.jar;C:\Users\krant\.m2\repository\org\springframework\boot\spring-boot-starter-logging\1.5.7.RELEASE\spring-boot-starter-logging-1.5.7.RELEASE.jar;C:\Users\krant\.m2\repository\ch\qos\logback\logback-classic\1.1.11\logback-classic-1.1.11.jar;C:\Users\krant\.m2\repository\ch\qos\logback\logback-core\1.1.11\logback-core-1.1.11.jar;C:\Users\krant\.m2\repository\org\slf4j\jcl-over-slf4j\1.7.25\jcl-over-slf4j-1.7.25.jar;C:\Users\krant\.m2\repository\org\slf4j\jul-to-slf4j\1.7.25\jul-to-slf4j-1.7.25.jar;C:\Users\krant\.m2\repository\org\slf4j\log4j-over-slf4j\1.7.25\log4j-over-slf4j-1.7.25.jar;C:\Users\krant\.m2\repository\org\yaml\snakeyaml\1.17\snakeyaml-1.17.jar;C:\Users\krant\.m2\repository\org\springframework\boot\spring-boot-starter-tomcat\1.5.7.RELEASE\spring-boot-starter-tomcat-1.5.7.RELEASE.jar;C:\Users\krant\.m2\repository\org\apache\tomcat\embed\tomcat-embed-core\8.5.20\tomcat-embed-core-8.5.20.jar;C:\Users\krant\.m2\repository\org\apache\tomcat\embed\tomcat-embed-el\8.5.20\tomcat-embed-el-8.5.20.jar;C:\Users\krant\.m2\repository\org\apache\tomcat\embed\tomcat-embed-websocket\8.5.20\tomcat-embed-websocket-8.5.20.jar;C:\Users\krant\.m2\repository\org\hibernate\hibernate-validator\5.3.5.Final\hibernate-validator-5.3.5.Final.jar;C:\Users\krant\.m2\repository\javax\validation\validation-api\1.1.0.Final\validation-api-1.1.0.Final.jar;C:\Users\krant\.m2\repository\org\jboss\logging\jboss-logging\3.3.1.Final\jboss-logging-3.3.1.Final.jar;C:\Users\krant\.m2\repository\com\fasterxml\classmate\1.3.4\classmate-1.3.4.jar;C:\Users\krant\.m2\repository\com\fasterxml\jackson\core\jackson-databind\2.8.10\jackson-databind-2.8.10.jar;C:\Users\krant\.m2\repository\com\fasterxml\jackson\core\jackson-annotations\2.8.0\jackson-annotations-2.8.0.jar;C:\Users\krant\.m2\repository\com\fasterxml\jackson\core\jackson-core\2.8.10\jackson-core-2.8.10.jar;C:\Users\krant\.m2\repository\org\springframework\spring-web\4.3.11.RELEASE\spring-web-4.3.11.RELEASE.jar;C:\Users\krant\.m2\repository\org\springframework\spring-aop\4.3.11.RELEASE\spring-aop-4.3.11.RELEASE.jar;C:\Users\krant\.m2\repository\org\springframework\spring-webmvc\4.3.11.RELEASE\spring-webmvc-4.3.11.RELEASE.jar;C:\Users\krant\.m2\repository\org\springframework\spring-expression\4.3.11.RELEASE\spring-expression-4.3.11.RELEASE.jar;C:\Users\krant\.m2\repository\org\springframework\boot\spring-boot-devtools\1.5.7.RELEASE\spring-boot-devtools-1.5.7.RELEASE.jar;C:\Users\krant\.m2\repository\org\springframework\boot\spring-boot\1.5.7.RELEASE\spring-boot-1.5.7.RELEASE.jar;C:\Users\krant\.m2\repository\org\springframework\boot\spring-boot-autoconfigure\1.5.7.RELEASE\spring-boot-autoconfigure-1.5.7.RELEASE.jar;C:\Users\krant\.m2\repository\org\springframework\boot\spring-boot-starter-test\1.5.7.RELEASE\spring-boot-starter-test-1.5.7.RELEASE.jar;C:\Users\krant\.m2\repository\org\springframework\boot\spring-boot-test\1.5.7.RELEASE\spring-boot-test-1.5.7.RELEASE.jar;C:\Users\krant\.m2\repository\org\springframework\boot\spring-boot-test-autoconfigure\1.5.7.RELEASE\spring-boot-test-autoconfigure-1.5.7.RELEASE.jar;C:\Users\krant\.m2\repository\com\jayway\jsonpath\json-path\2.2.0\json-path-2.2.0.jar;C:\Users\krant\.m2\repository\net\minidev\json-smart\2.2.1\json-smart-2.2.1.jar;C:\Users\krant\.m2\repository\net\minidev\accessors-smart\1.1\accessors-smart-1.1.jar;C:\Users\krant\.m2\repository\org\ow2\asm\asm\5.0.3\asm-5.0.3.jar;C:\Users\krant\.m2\repository\org\slf4j\slf4j-api\1.7.25\slf4j-api-1.7.25.jar;C:\Users\krant\.m2\repository\junit\junit\4.12\junit-4.12.jar;C:\Users\krant\.m2\repository\org\assertj\assertj-core\2.6.0\assertj-core-2.6.0.jar;C:\Users\krant\.m2\repository\org\mockito\mockito-core\1.10.19\mockito-core-1.10.19.jar;C:\Users\krant\.m2\repository\org\objenesis\objenesis\2.1\objenesis-2.1.jar;C:\Users\krant\.m2\repository\org\hamcrest\hamcrest-core\1.3\hamcrest-core-1.3.jar;C:\Users\krant\.m2\repository\org\hamcrest\hamcrest-library\1.3\hamcrest-library-1.3.jar;C:\Users\krant\.m2\repository\org\skyscreamer\jsonassert\1.4.0\jsonassert-1.4.0.jar;C:\Users\krant\.m2\repository\com\vaadin\external\google\android-json\0.0.20131108.vaadin1\android-json-0.0.20131108.vaadin1.jar;C:\Users\krant\.m2\repository\org\springframework\spring-core\4.3.11.RELEASE\spring-core-4.3.11.RELEASE.jar;C:\Users\krant\.m2\repository\org\springframework\spring-test\4.3.11.RELEASE\spring-test-4.3.11.RELEASE.jar;C:\Users\krant\.m2\repository\org\drools\drools-spring\5.4.0.Final\drools-spring-5.4.0.Final.jar;C:\Users\krant\.m2\repository\org\drools\knowledge-api\5.4.0.Final\knowledge-api-5.4.0.Final.jar;C:\Users\krant\.m2\repository\org\drools\drools-core\5.4.0.Final\drools-core-5.4.0.Final.jar;C:\Users\krant\.m2\repository\org\mvel\mvel2\2.1.0.drools16\mvel2-2.1.0.drools16.jar;C:\Users\krant\.m2\repository\org\drools\knowledge-internal-api\5.4.0.Final\knowledge-internal-api-5.4.0.Final.jar;C:\Users\krant\.m2\repository\org\drools\drools-compiler\5.4.0.Final\drools-compiler-5.4.0.Final.jar;C:\Users\krant\.m2\repository\org\antlr\antlr-runtime\3.3\antlr-runtime-3.3.jar;C:\Users\krant\.m2\repository\org\antlr\antlr\3.3\antlr-3.3.jar;C:\Users\krant\.m2\repository\org\antlr\stringtemplate\3.2.1\stringtemplate-3.2.1.jar;C:\Users\krant\.m2\repository\antlr\antlr\2.7.7\antlr-2.7.7.jar;C:\Users\krant\.m2\repository\org\eclipse\jdt\core\compiler\ecj\3.5.1\ecj-3.5.1.jar;C:\Users\krant\.m2\repository\org\drools\drools-decisiontables\5.4.0.Final\drools-decisiontables-5.4.0.Final.jar;C:\Users\krant\.m2\repository\org\drools\drools-templates\5.4.0.Final\drools-templates-5.4.0.Final.jar;C:\Users\krant\.m2\repository\net\sourceforge\jexcelapi\jxl\2.6.10\jxl-2.6.10.jar;C:\Users\krant\.m2\repository\log4j\log4j\1.2.14\log4j-1.2.14.jar;C:\Users\krant\.m2\repository\org\springframework\spring-beans\4.3.11.RELEASE\spring-beans-4.3.11.RELEASE.jar;C:\Users\krant\.m2\repository\org\springframework\spring-context\4.3.11.RELEASE\spring-context-4.3.11.RELEASE.jar;C:\Users\krant\.m2\repository\org\kie\kie-ci\6.1.0.Final\kie-ci-6.1.0.Final.jar;C:\Users\krant\.m2\repository\org\apache\maven\maven-core\3.0.5\maven-core-3.0.5.jar;C:\Users\krant\.m2\repository\org\apache\maven\maven-settings\3.0.5\maven-settings-3.0.5.jar;C:\Users\krant\.m2\repository\org\apache\maven\maven-settings-builder\3.0.5\maven-settings-builder-3.0.5.jar;C:\Users\krant\.m2\repository\org\apache\maven\maven-repository-metadata\3.0.5\maven-repository-metadata-3.0.5.jar;C:\Users\krant\.m2\repository\org\apache\maven\maven-artifact\3.0.5\maven-artifact-3.0.5.jar;C:\Users\krant\.m2\repository\org\apache\maven\maven-plugin-api\3.0.5\maven-plugin-api-3.0.5.jar;C:\Users\krant\.m2\repository\org\apache\maven\maven-model-builder\3.0.5\maven-model-builder-3.0.5.jar;C:\Users\krant\.m2\repository\org\apache\maven\maven-aether-provider\3.0.5\maven-aether-provider-3.0.5.jar;C:\Users\krant\.m2\repository\org\sonatype\sisu\sisu-inject-plexus\2.3.0\sisu-inject-plexus-2.3.0.jar;C:\Users\krant\.m2\repository\org\sonatype\sisu\sisu-inject-bean\2.3.0\sisu-inject-bean-2.3.0.jar;C:\Users\krant\.m2\repository\org\sonatype\sisu\sisu-guice\3.1.0\sisu-guice-3.1.0-no_aop.jar;C:\Users\krant\.m2\repository\org\sonatype\sisu\sisu-guava\0.9.9\sisu-guava-0.9.9.jar;C:\Users\krant\.m2\repository\org\codehaus\plexus\plexus-interpolation\1.14\plexus-interpolation-1.14.jar;C:\Users\krant\.m2\repository\org\codehaus\plexus\plexus-utils\2.0.6\plexus-utils-2.0.6.jar;C:\Users\krant\.m2\repository\org\codehaus\plexus\plexus-classworlds\2.4\plexus-classworlds-2.4.jar;C:\Users\krant\.m2\repository\org\codehaus\plexus\plexus-component-annotations\1.5.5\plexus-component-annotations-1.5.5.jar;C:\Users\krant\.m2\repository\org\sonatype\plexus\plexus-sec-dispatcher\1.3\plexus-sec-dispatcher-1.3.jar;C:\Users\krant\.m2\repository\org\sonatype\plexus\plexus-cipher\1.4\plexus-cipher-1.4.jar;C:\Users\krant\.m2\repository\org\apache\maven\maven-model\3.0.5\maven-model-3.0.5.jar;C:\Users\krant\.m2\repository\org\apache\maven\maven-compat\3.0.5\maven-compat-3.0.5.jar;C:\Users\krant\.m2\repository\org\apache\maven\wagon\wagon-provider-api\2.4\wagon-provider-api-2.4.jar;C:\Users\krant\.m2\repository\org\sonatype\aether\aether-api\1.13.1\aether-api-1.13.1.jar;C:\Users\krant\.m2\repository\org\sonatype\aether\aether-util\1.13.1\aether-util-1.13.1.jar;C:\Users\krant\.m2\repository\org\sonatype\aether\aether-impl\1.13.1\aether-impl-1.13.1.jar;C:\Users\krant\.m2\repository\org\sonatype\aether\aether-spi\1.13.1\aether-spi-1.13.1.jar;C:\Users\krant\.m2\repository\org\sonatype\aether\aether-connector-wagon\1.13.1\aether-connector-wagon-1.13.1.jar;C:\Users\krant\.m2\repository\org\sonatype\aether\aether-connector-file\1.13.1\aether-connector-file-1.13.1.jar;C:\Users\krant\.m2\repository\org\apache\ant\ant\1.8.2\ant-1.8.2.jar;C:\Users\krant\.m2\repository\org\apache\ant\ant-launcher\1.8.2\ant-launcher-1.8.2.jar;C:\Users\krant\.m2\repository\org\apache\maven\wagon\wagon-http\2.0\wagon-http-2.0.jar;C:\Users\krant\.m2\repository\org\apache\maven\wagon\wagon-http-shared4\2.0\wagon-http-shared4-2.0.jar;C:\Users\krant\.m2\repository\org\jsoup\jsoup\1.6.1\jsoup-1.6.1.jar;C:\Users\krant\.m2\repository\commons-logging\commons-logging\1.1.1\commons-logging-1.1.1.jar;C:\Users\krant\.m2\repository\commons-io\commons-io\2.0.1\commons-io-2.0.1.jar;C:\Users\krant\.m2\repository\org\apache\httpcomponents\httpclient\4.5.3\httpclient-4.5.3.jar;C:\Users\krant\.m2\repository\commons-codec\commons-codec\1.10\commons-codec-1.10.jar;C:\Users\krant\.m2\repository\org\apache\httpcomponents\httpcore\4.4.6\httpcore-4.4.6.jar;, java.specification.name=Java Platform API Specification, java.class.version=52.0, sun.management.compiler=HotSpot 64-Bit Tiered Compilers, os.version=10.0, user.home=C:\Users\krant, user.timezone=America/Chicago, java.awt.printerjob=sun.awt.windows.WPrinterJob, file.encoding=Cp1252, java.specification.version=1.8, java.class.path=C:\Users\krant\OneDrive\JavaTrainning\DroolsWithReactJS\target\test-classes;C:\Users\krant\OneDrive\JavaTrainning\DroolsWithReactJS\target\classes;C:\Users\krant\.m2\repository\org\springframework\boot\spring-boot-starter-web\1.5.7.RELEASE\spring-boot-starter-web-1.5.7.RELEASE.jar;C:\Users\krant\.m2\repository\org\springframework\boot\spring-boot-starter\1.5.7.RELEASE\spring-boot-starter-1.5.7.RELEASE.jar;C:\Users\krant\.m2\repository\org\springframework\boot\spring-boot-starter-logging\1.5.7.RELEASE\spring-boot-starter-logging-1.5.7.RELEASE.jar;C:\Users\krant\.m2\repository\ch\qos\logback\logback-classic\1.1.11\logback-classic-1.1.11.jar;C:\Users\krant\.m2\repository\ch\qos\logback\logback-core\1.1.11\logback-core-1.1.11.jar;C:\Users\krant\.m2\repository\org\slf4j\jcl-over-slf4j\1.7.25\jcl-over-slf4j-1.7.25.jar;C:\Users\krant\.m2\repository\org\slf4j\jul-to-slf4j\1.7.25\jul-to-slf4j-1.7.25.jar;C:\Users\krant\.m2\repository\org\slf4j\log4j-over-slf4j\1.7.25\log4j-over-slf4j-1.7.25.jar;C:\Users\krant\.m2\repository\org\yaml\snakeyaml\1.17\snakeyaml-1.17.jar;C:\Users\krant\.m2\repository\org\springframework\boot\spring-boot-starter-tomcat\1.5.7.RELEASE\spring-boot-starter-tomcat-1.5.7.RELEASE.jar;C:\Users\krant\.m2\repository\org\apache\tomcat\embed\tomcat-embed-core\8.5.20\tomcat-embed-core-8.5.20.jar;C:\Users\krant\.m2\repository\org\apache\tomcat\embed\tomcat-embed-el\8.5.20\tomcat-embed-el-8.5.20.jar;C:\Users\krant\.m2\repository\org\apache\tomcat\embed\tomcat-embed-websocket\8.5.20\tomcat-embed-websocket-8.5.20.jar;C:\Users\krant\.m2\repository\org\hibernate\hibernate-validator\5.3.5.Final\hibernate-validator-5.3.5.Final.jar;C:\Users\krant\.m2\repository\javax\validation\validation-api\1.1.0.Final\validation-api-1.1.0.Final.jar;C:\Users\krant\.m2\repository\org\jboss\logging\jboss-logging\3.3.1.Final\jboss-logging-3.3.1.Final.jar;C:\Users\krant\.m2\repository\com\fasterxml\classmate\1.3.4\classmate-1.3.4.jar;C:\Users\krant\.m2\repository\com\fasterxml\jackson\core\jackson-databind\2.8.10\jackson-databind-2.8.10.jar;C:\Users\krant\.m2\repository\com\fasterxml\jackson\core\jackson-annotations\2.8.0\jackson-annotations-2.8.0.jar;C:\Users\krant\.m2\repository\com\fasterxml\jackson\core\jackson-core\2.8.10\jackson-core-2.8.10.jar;C:\Users\krant\.m2\repository\org\springframework\spring-web\4.3.11.RELEASE\spring-web-4.3.11.RELEASE.jar;C:\Users\krant\.m2\repository\org\springframework\spring-aop\4.3.11.RELEASE\spring-aop-4.3.11.RELEASE.jar;C:\Users\krant\.m2\repository\org\springframework\spring-webmvc\4.3.11.RELEASE\spring-webmvc-4.3.11.RELEASE.jar;C:\Users\krant\.m2\repository\org\springframework\spring-expression\4.3.11.RELEASE\spring-expression-4.3.11.RELEASE.jar;C:\Users\krant\.m2\repository\org\springframework\boot\spring-boot-devtools\1.5.7.RELEASE\spring-boot-devtools-1.5.7.RELEASE.jar;C:\Users\krant\.m2\repository\org\springframework\boot\spring-boot\1.5.7.RELEASE\spring-boot-1.5.7.RELEASE.jar;C:\Users\krant\.m2\repository\org\springframework\boot\spring-boot-autoconfigure\1.5.7.RELEASE\spring-boot-autoconfigure-1.5.7.RELEASE.jar;C:\Users\krant\.m2\repository\org\springframework\boot\spring-boot-starter-test\1.5.7.RELEASE\spring-boot-starter-test-1.5.7.RELEASE.jar;C:\Users\krant\.m2\repository\org\springframework\boot\spring-boot-test\1.5.7.RELEASE\spring-boot-test-1.5.7.RELEASE.jar;C:\Users\krant\.m2\repository\org\springframework\boot\spring-boot-test-autoconfigure\1.5.7.RELEASE\spring-boot-test-autoconfigure-1.5.7.RELEASE.jar;C:\Users\krant\.m2\repository\com\jayway\jsonpath\json-path\2.2.0\json-path-2.2.0.jar;C:\Users\krant\.m2\repository\net\minidev\json-smart\2.2.1\json-smart-2.2.1.jar;C:\Users\krant\.m2\repository\net\minidev\accessors-smart\1.1\accessors-smart-1.1.jar;C:\Users\krant\.m2\repository\org\ow2\asm\asm\5.0.3\asm-5.0.3.jar;C:\Users\krant\.m2\repository\org\slf4j\slf4j-api\1.7.25\slf4j-api-1.7.25.jar;C:\Users\krant\.m2\repository\junit\junit\4.12\junit-4.12.jar;C:\Users\krant\.m2\repository\org\assertj\assertj-core\2.6.0\assertj-core-2.6.0.jar;C:\Users\krant\.m2\repository\org\mockito\mockito-core\1.10.19\mockito-core-1.10.19.jar;C:\Users\krant\.m2\repository\org\objenesis\objenesis\2.1\objenesis-2.1.jar;C:\Users\krant\.m2\repository\org\hamcrest\hamcrest-core\1.3\hamcrest-core-1.3.jar;C:\Users\krant\.m2\repository\org\hamcrest\hamcrest-library\1.3\hamcrest-library-1.3.jar;C:\Users\krant\.m2\repository\org\skyscreamer\jsonassert\1.4.0\jsonassert-1.4.0.jar;C:\Users\krant\.m2\repository\com\vaadin\external\google\android-json\0.0.20131108.vaadin1\android-json-0.0.20131108.vaadin1.jar;C:\Users\krant\.m2\repository\org\springframework\spring-core\4.3.11.RELEASE\spring-core-4.3.11.RELEASE.jar;C:\Users\krant\.m2\repository\org\springframework\spring-test\4.3.11.RELEASE\spring-test-4.3.11.RELEASE.jar;C:\Users\krant\.m2\repository\org\drools\drools-spring\5.4.0.Final\drools-spring-5.4.0.Final.jar;C:\Users\krant\.m2\repository\org\drools\knowledge-api\5.4.0.Final\knowledge-api-5.4.0.Final.jar;C:\Users\krant\.m2\repository\org\drools\drools-core\5.4.0.Final\drools-core-5.4.0.Final.jar;C:\Users\krant\.m2\repository\org\mvel\mvel2\2.1.0.drools16\mvel2-2.1.0.drools16.jar;C:\Users\krant\.m2\repository\org\drools\knowledge-internal-api\5.4.0.Final\knowledge-internal-api-5.4.0.Final.jar;C:\Users\krant\.m2\repository\org\drools\drools-compiler\5.4.0.Final\drools-compiler-5.4.0.Final.jar;C:\Users\krant\.m2\repository\org\antlr\antlr-runtime\3.3\antlr-runtime-3.3.jar;C:\Users\krant\.m2\repository\org\antlr\antlr\3.3\antlr-3.3.jar;C:\Users\krant\.m2\repository\org\antlr\stringtemplate\3.2.1\stringtemplate-3.2.1.jar;C:\Users\krant\.m2\repository\antlr\antlr\2.7.7\antlr-2.7.7.jar;C:\Users\krant\.m2\repository\org\eclipse\jdt\core\compiler\ecj\3.5.1\ecj-3.5.1.jar;C:\Users\krant\.m2\repository\org\drools\drools-decisiontables\5.4.0.Final\drools-decisiontables-5.4.0.Final.jar;C:\Users\krant\.m2\repository\org\drools\drools-templates\5.4.0.Final\drools-templates-5.4.0.Final.jar;C:\Users\krant\.m2\repository\net\sourceforge\jexcelapi\jxl\2.6.10\jxl-2.6.10.jar;C:\Users\krant\.m2\repository\log4j\log4j\1.2.14\log4j-1.2.14.jar;C:\Users\krant\.m2\repository\org\springframework\spring-beans\4.3.11.RELEASE\spring-beans-4.3.11.RELEASE.jar;C:\Users\krant\.m2\repository\org\springframework\spring-context\4.3.11.RELEASE\spring-context-4.3.11.RELEASE.jar;C:\Users\krant\.m2\repository\org\kie\kie-ci\6.1.0.Final\kie-ci-6.1.0.Final.jar;C:\Users\krant\.m2\repository\org\apache\maven\maven-core\3.0.5\maven-core-3.0.5.jar;C:\Users\krant\.m2\repository\org\apache\maven\maven-settings\3.0.5\maven-settings-3.0.5.jar;C:\Users\krant\.m2\repository\org\apache\maven\maven-settings-builder\3.0.5\maven-settings-builder-3.0.5.jar;C:\Users\krant\.m2\repository\org\apache\maven\maven-repository-metadata\3.0.5\maven-repository-metadata-3.0.5.jar;C:\Users\krant\.m2\repository\org\apache\maven\maven-artifact\3.0.5\maven-artifact-3.0.5.jar;C:\Users\krant\.m2\repository\org\apache\maven\maven-plugin-api\3.0.5\maven-plugin-api-3.0.5.jar;C:\Users\krant\.m2\repository\org\apache\maven\maven-model-builder\3.0.5\maven-model-builder-3.0.5.jar;C:\Users\krant\.m2\repository\org\apache\maven\maven-aether-provider\3.0.5\maven-aether-provider-3.0.5.jar;C:\Users\krant\.m2\repository\org\sonatype\sisu\sisu-inject-plexus\2.3.0\sisu-inject-plexus-2.3.0.jar;C:\Users\krant\.m2\repository\org\sonatype\sisu\sisu-inject-bean\2.3.0\sisu-inject-bean-2.3.0.jar;C:\Users\krant\.m2\repository\org\sonatype\sisu\sisu-guice\3.1.0\sisu-guice-3.1.0-no_aop.jar;C:\Users\krant\.m2\repository\org\sonatype\sisu\sisu-guava\0.9.9\sisu-guava-0.9.9.jar;C:\Users\krant\.m2\repository\org\codehaus\plexus\plexus-interpolation\1.14\plexus-interpolation-1.14.jar;C:\Users\krant\.m2\repository\org\codehaus\plexus\plexus-utils\2.0.6\plexus-utils-2.0.6.jar;C:\Users\krant\.m2\repository\org\codehaus\plexus\plexus-classworlds\2.4\plexus-classworlds-2.4.jar;C:\Users\krant\.m2\repository\org\codehaus\plexus\plexus-component-annotations\1.5.5\plexus-component-annotations-1.5.5.jar;C:\Users\krant\.m2\repository\org\sonatype\plexus\plexus-sec-dispatcher\1.3\plexus-sec-dispatcher-1.3.jar;C:\Users\krant\.m2\repository\org\sonatype\plexus\plexus-cipher\1.4\plexus-cipher-1.4.jar;C:\Users\krant\.m2\repository\org\apache\maven\maven-model\3.0.5\maven-model-3.0.5.jar;C:\Users\krant\.m2\repository\org\apache\maven\maven-compat\3.0.5\maven-compat-3.0.5.jar;C:\Users\krant\.m2\repository\org\apache\maven\wagon\wagon-provider-api\2.4\wagon-provider-api-2.4.jar;C:\Users\krant\.m2\repository\org\sonatype\aether\aether-api\1.13.1\aether-api-1.13.1.jar;C:\Users\krant\.m2\repository\org\sonatype\aether\aether-util\1.13.1\aether-util-1.13.1.jar;C:\Users\krant\.m2\repository\org\sonatype\aether\aether-impl\1.13.1\aether-impl-1.13.1.jar;C:\Users\krant\.m2\repository\org\sonatype\aether\aether-spi\1.13.1\aether-spi-1.13.1.jar;C:\Users\krant\.m2\repository\org\sonatype\aether\aether-connector-wagon\1.13.1\aether-connector-wagon-1.13.1.jar;C:\Users\krant\.m2\repository\org\sonatype\aether\aether-connector-file\1.13.1\aether-connector-file-1.13.1.jar;C:\Users\krant\.m2\repository\org\apache\ant\ant\1.8.2\ant-1.8.2.jar;C:\Users\krant\.m2\repository\org\apache\ant\ant-launcher\1.8.2\ant-launcher-1.8.2.jar;C:\Users\krant\.m2\repository\org\apache\maven\wagon\wagon-http\2.0\wagon-http-2.0.jar;C:\Users\krant\.m2\repository\org\apache\maven\wagon\wagon-http-shared4\2.0\wagon-http-shared4-2.0.jar;C:\Users\krant\.m2\repository\org\jsoup\jsoup\1.6.1\jsoup-1.6.1.jar;C:\Users\krant\.m2\repository\commons-logging\commons-logging\1.1.1\commons-logging-1.1.1.jar;C:\Users\krant\.m2\repository\commons-io\commons-io\2.0.1\commons-io-2.0.1.jar;C:\Users\krant\.m2\repository\org\apache\httpcomponents\httpclient\4.5.3\httpclient-4.5.3.jar;C:\Users\krant\.m2\repository\commons-codec\commons-codec\1.10\commons-codec-1.10.jar;C:\Users\krant\.m2\repository\org\apache\httpcomponents\httpcore\4.4.6\httpcore-4.4.6.jar;, user.name=krant, java.vm.specification.version=1.8, sun.java.command=C:\Users\krant\OneDrive\JavaTrainning\DroolsWithReactJS\target\surefire\surefirebooter4741398877357897397.jar C:\Users\krant\OneDrive\JavaTrainning\DroolsWithReactJS\target\surefire\surefire4145184897650939929tmp C:\Users\krant\OneDrive\JavaTrainning\DroolsWithReactJS\target\surefire\surefire_0618027252325577761tmp, java.home=C:\Program Files\Java\jdk1.8.0_144\jre, sun.arch.data.model=64, user.language=en, java.specification.vendor=Oracle Corporation, awt.toolkit=sun.awt.windows.WToolkit, java.vm.info=mixed mode, java.version=1.8.0_144, java.ext.dirs=C:\Program Files\Java\jdk1.8.0_144\jre\lib\ext;C:\WINDOWS\Sun\Java\lib\ext, sun.boot.class.path=C:\Program Files\Java\jdk1.8.0_144\jre\lib\resources.jar;C:\Program Files\Java\jdk1.8.0_144\jre\lib\rt.jar;C:\Program Files\Java\jdk1.8.0_144\jre\lib\sunrsasign.jar;C:\Program Files\Java\jdk1.8.0_144\jre\lib\jsse.jar;C:\Program Files\Java\jdk1.8.0_144\jre\lib\jce.jar;C:\Program Files\Java\jdk1.8.0_144\jre\lib\charsets.jar;C:\Program Files\Java\jdk1.8.0_144\jre\lib\jfr.jar;C:\Program Files\Java\jdk1.8.0_144\jre\classes, java.vendor=Oracle Corporation, localRepository=C:\Users\krant\.m2\repository, file.separator=\, java.vendor.url.bug=http://bugreport.sun.com/bugreport/, sun.io.unicode.encoding=UnicodeLittle, sun.cpu.endian=little, sun.desktop=windows, sun.cpu.isalist=amd64}}, SystemEnvironmentPropertySource@1018298342 {name='systemEnvironment', properties={PATH=C:/Program Files/Java/jre1.8.0_144/bin/server;C:/Program Files/Java/jre1.8.0_144/bin;C:/Program Files/Java/jre1.8.0_144/lib/amd64;D:\app\krant\product\11.2.0\client_1;D:\app\krant\product\11.2.0\dbhome_1\bin;C:\ProgramData\Oracle\Java\javapath;C:\WINDOWS\system32;C:\WINDOWS;C:\WINDOWS\System32\Wbem;C:\WINDOWS\System32\WindowsPowerShell\v1.0\;C:\Program Files\Java\jdk1.8.0_144\bin;C:\Program Files\MySQL\MySQL Utilities 1.6\;C:\Program Files\PuTTY\;C:\Program Files\Git\cmd;C:\Users\krant\Desktop\openssl-0.9.8s-x64_86-win64;E:\Software\apache-maven-3.5.0-bin\bin;;C:\Program Files\Cloud Foundry;C:\Program Files\nodejs\;C:\Program Files\Amazon\AWSCLI\;C:\Users\krant\AppData\Local\Microsoft\WindowsApps;C:\Users\krant\AppData\Local\GitHubDesktop\bin;C:\Program Files\Docker Toolbox;C:\Users\krant\AppData\Roaming\npm;C:\WINDOWS\System32;, USERDOMAIN_ROAMINGPROFILE=KKALLETLA-PC, OPENSSL_CONF=C:\OpenSSL-Win64\bin\openssl.cfg, LOCALAPPDATA=C:\Users\krant\AppData\Local, PROCESSOR_LEVEL=6, SYSTEMDRIVE=C:, COMMONPROGRAMFILES(X86)=C:\Program Files (x86)\Common Files, USERDOMAIN=KKALLETLA-PC, FPS_BROWSER_APP_PROFILE_STRING=Internet Explorer, LOGONSERVER=\\KKALLETLA-PC, JAVA_HOME=C:\Program Files\Java\jdk1.8.0_144, PROMPT=$P$G, SESSIONNAME=Console, ALLUSERSPROFILE=C:\ProgramData, PROGRAMFILES(X86)=C:\Program Files (x86), ASL.LOG=Destination=file, PROCESSOR_ARCHITECTURE=AMD64, =E:=E:\, PROGRAMFILES=C:\Program Files, =C:=C:\Users\krant\OneDrive\JavaTrainning\DroolsWithReactJS, APPDATA=C:\Users\krant\AppData\Roaming, PSMODULEPATH=C:\Program Files\WindowsPowerShell\Modules;C:\WINDOWS\system32\WindowsPowerShell\v1.0\Modules;C:\Program Files\WindowsPowerShell\Modules;"C:\Program Files\WindowsPowerShell\Modules;";, PROGRAMW6432=C:\Program Files, PROGRAMDATA=C:\ProgramData, SYSTEMROOT=C:\WINDOWS, USERNAME=krant, VBOX_MSI_INSTALL_PATH=C:\Program Files\Oracle\VirtualBox\, FPS_BROWSER_USER_PROFILE_STRING=Default, ONEDRIVE=C:\Users\krant\OneDrive, PATHEXT=.COM;.EXE;.BAT;.CMD;.VBS;.VBE;.JS;.JSE;.WSF;.WSH;.MSC, OS=Windows_NT, COMMONPROGRAMW6432=C:\Program Files\Common Files, COMPUTERNAME=KKALLETLA-PC, COMMONPROGRAMFILES=C:\Program Files\Common Files, COMSPEC=C:\WINDOWS\system32\cmd.exe, PROCESSOR_REVISION=3a09, CLASSPATH=., WINDIR=C:\WINDOWS, HOMEPATH=\Users\krant, TEMP=C:\Users\krant\AppData\Local\Temp, HOMEDRIVE=C:, PROCESSOR_IDENTIFIER=Intel64 Family 6 Model 58 Stepping 9, GenuineIntel, USERPROFILE=C:\Users\krant, TMP=C:\Users\krant\AppData\Local\Temp, PUBLIC=C:\Users\Public, NUMBER_OF_PROCESSORS=4, =::=::\, DOCKER_TOOLBOX_INSTALL_PATH=C:\Program Files\Docker Toolbox}}]
19:52:47.024 [main] DEBUG org.springframework.core.io.support.PathMatchingResourcePatternResolver - Resolved classpath location [com/kkalletla/] to resources [URL [file:/C:/Users/krant/OneDrive/JavaTrainning/DroolsWithReactJS/target/test-classes/com/kkalletla/], URL [file:/C:/Users/krant/OneDrive/JavaTrainning/DroolsWithReactJS/target/classes/com/kkalletla/]]
19:52:47.025 [main] DEBUG org.springframework.core.io.support.PathMatchingResourcePatternResolver - Looking for matching resources in directory tree [C:\Users\krant\OneDrive\JavaTrainning\DroolsWithReactJS\target\test-classes\com\kkalletla]
19:52:47.025 [main] DEBUG org.springframework.core.io.support.PathMatchingResourcePatternResolver - Searching directory [C:\Users\krant\OneDrive\JavaTrainning\DroolsWithReactJS\target\test-classes\com\kkalletla] for files matching pattern [C:/Users/krant/OneDrive/JavaTrainning/DroolsWithReactJS/target/test-classes/com/kkalletla/*.class]
19:52:47.031 [main] DEBUG org.springframework.core.io.support.PathMatchingResourcePatternResolver - Looking for matching resources in directory tree [C:\Users\krant\OneDrive\JavaTrainning\DroolsWithReactJS\target\classes\com\kkalletla]
19:52:47.031 [main] DEBUG org.springframework.core.io.support.PathMatchingResourcePatternResolver - Searching directory [C:\Users\krant\OneDrive\JavaTrainning\DroolsWithReactJS\target\classes\com\kkalletla] for files matching pattern [C:/Users/krant/OneDrive/JavaTrainning/DroolsWithReactJS/target/classes/com/kkalletla/*.class]
19:52:47.033 [main] DEBUG org.springframework.core.io.support.PathMatchingResourcePatternResolver - Resolved location pattern [classpath*:com/kkalletla/*.class] to resources [file [C:\Users\krant\OneDrive\JavaTrainning\DroolsWithReactJS\target\test-classes\com\kkalletla\DroolsWithReactJsApplicationTests.class], file [C:\Users\krant\OneDrive\JavaTrainning\DroolsWithReactJS\target\classes\com\kkalletla\DroolsWithReactJsApplication.class]]
19:52:47.133 [main] DEBUG org.springframework.context.annotation.ClassPathScanningCandidateComponentProvider - Identified candidate component class: file [C:\Users\krant\OneDrive\JavaTrainning\DroolsWithReactJS\target\classes\com\kkalletla\DroolsWithReactJsApplication.class]
19:52:47.136 [main] INFO org.springframework.boot.test.context.SpringBootTestContextBootstrapper - Found @SpringBootConfiguration com.kkalletla.DroolsWithReactJsApplication for test class com.kkalletla.DroolsWithReactJsApplicationTests
19:52:47.149 [main] DEBUG org.springframework.boot.test.context.SpringBootTestContextBootstrapper - @TestExecutionListeners is not present for class [com.kkalletla.DroolsWithReactJsApplicationTests]: using defaults.
19:52:47.157 [main] INFO org.springframework.boot.test.context.SpringBootTestContextBootstrapper - Loaded default TestExecutionListener class names from location [META-INF/spring.factories]: [org.springframework.boot.test.mock.mockito.MockitoTestExecutionListener, org.springframework.boot.test.mock.mockito.ResetMocksTestExecutionListener, org.springframework.boot.test.autoconfigure.restdocs.RestDocsTestExecutionListener, org.springframework.boot.test.autoconfigure.web.client.MockRestServiceServerResetTestExecutionListener, org.springframework.boot.test.autoconfigure.web.servlet.MockMvcPrintOnlyOnFailureTestExecutionListener, org.springframework.boot.test.autoconfigure.web.servlet.WebDriverTestExecutionListener, org.springframework.test.context.web.ServletTestExecutionListener, org.springframework.test.context.support.DirtiesContextBeforeModesTestExecutionListener, org.springframework.test.context.support.DependencyInjectionTestExecutionListener, org.springframework.test.context.support.DirtiesContextTestExecutionListener, org.springframework.test.context.transaction.TransactionalTestExecutionListener, org.springframework.test.context.jdbc.SqlScriptsTestExecutionListener]
19:52:47.281 [main] INFO org.springframework.boot.test.context.SpringBootTestContextBootstrapper - Could not instantiate TestExecutionListener [org.springframework.test.context.transaction.TransactionalTestExecutionListener]. Specify custom listener classes or make the default listener classes (and their required dependencies) available. Offending class: [org/springframework/transaction/interceptor/TransactionAttributeSource]
19:52:47.287 [main] INFO org.springframework.boot.test.context.SpringBootTestContextBootstrapper - Could not instantiate TestExecutionListener [org.springframework.test.context.jdbc.SqlScriptsTestExecutionListener]. Specify custom listener classes or make the default listener classes (and their required dependencies) available. Offending class: [org/springframework/transaction/interceptor/TransactionAttribute]
19:52:47.288 [main] INFO org.springframework.boot.test.context.SpringBootTestContextBootstrapper - Using TestExecutionListeners: [org.springframework.test.context.web.ServletTestExecutionListener@3444d69d, org.springframework.test.context.support.DirtiesContextBeforeModesTestExecutionListener@1372ed45, org.springframework.boot.test.autoconfigure.SpringBootDependencyInjectionTestExecutionListener@6a79c292, org.springframework.test.context.support.DirtiesContextTestExecutionListener@37574691, org.springframework.boot.test.autoconfigure.web.client.MockRestServiceServerResetTestExecutionListener@25359ed8, org.springframework.boot.test.mock.mockito.MockitoTestExecutionListener@21a947fe, org.springframework.boot.test.autoconfigure.web.servlet.MockMvcPrintOnlyOnFailureTestExecutionListener@5606c0b, org.springframework.boot.test.mock.mockito.ResetMocksTestExecutionListener@80ec1f8, org.springframework.boot.test.autoconfigure.restdocs.RestDocsTestExecutionListener@1445d7f, org.springframework.boot.test.autoconfigure.web.servlet.WebDriverTestExecutionListener@6a396c1e]
19:52:47.303 [main] DEBUG org.springframework.test.annotation.ProfileValueUtils - Retrieved @ProfileValueSourceConfiguration [null] for test class [com.kkalletla.DroolsWithReactJsApplicationTests]
19:52:47.304 [main] DEBUG org.springframework.test.annotation.ProfileValueUtils - Retrieved ProfileValueSource type [class org.springframework.test.annotation.SystemProfileValueSource] for class [com.kkalletla.DroolsWithReactJsApplicationTests]
19:52:47.311 [main] DEBUG org.springframework.test.context.junit4.SpringJUnit4ClassRunner - SpringJUnit4ClassRunner constructor called with [class com.kkalletla.DroolsWithReactJsApplicationTests]
19:52:47.311 [main] DEBUG org.springframework.test.context.BootstrapUtils - Instantiating CacheAwareContextLoaderDelegate from class [org.springframework.test.context.cache.DefaultCacheAwareContextLoaderDelegate]
19:52:47.311 [main] DEBUG org.springframework.test.context.BootstrapUtils - Instantiating BootstrapContext using constructor [public org.springframework.test.context.support.DefaultBootstrapContext(java.lang.Class,org.springframework.test.context.CacheAwareContextLoaderDelegate)]
19:52:47.312 [main] DEBUG org.springframework.test.context.BootstrapUtils - Instantiating TestContextBootstrapper for test class [com.kkalletla.DroolsWithReactJsApplicationTests] from class [org.springframework.boot.test.context.SpringBootTestContextBootstrapper]
19:52:47.313 [main] INFO org.springframework.boot.test.context.SpringBootTestContextBootstrapper - Neither @ContextConfiguration nor @ContextHierarchy found for test class [com.kkalletla.DroolsWithReactJsApplicationTests], using SpringBootContextLoader
19:52:47.314 [main] DEBUG org.springframework.test.context.support.AbstractContextLoader - Did not detect default resource location for test class [com.kkalletla.DroolsWithReactJsApplicationTests]: class path resource [com/kkalletla/DroolsWithReactJsApplicationTests-context.xml] does not exist
19:52:47.315 [main] DEBUG org.springframework.test.context.support.AbstractContextLoader - Did not detect default resource location for test class [com.kkalletla.DroolsWithReactJsApplicationTests]: class path resource [com/kkalletla/DroolsWithReactJsApplicationTestsContext.groovy] does not exist
19:52:47.315 [main] INFO org.springframework.test.context.support.AbstractContextLoader - Could not detect default resource locations for test class [com.kkalletla.DroolsWithReactJsApplicationTests]: no resource found for suffixes {-context.xml, Context.groovy}.
19:52:47.315 [main] INFO org.springframework.test.context.support.AnnotationConfigContextLoaderUtils - Could not detect default configuration classes for test class [com.kkalletla.DroolsWithReactJsApplicationTests]: DroolsWithReactJsApplicationTests does not declare any static, non-private, non-final, nested classes annotated with @Configuration.
19:52:47.323 [main] DEBUG org.springframework.test.context.support.ActiveProfilesUtils - Could not find an 'annotation declaring class' for annotation type [org.springframework.test.context.ActiveProfiles] and class [com.kkalletla.DroolsWithReactJsApplicationTests]
19:52:47.323 [main] DEBUG org.springframework.core.env.StandardEnvironment - Adding PropertySource 'systemProperties' with lowest search precedence
19:52:47.324 [main] DEBUG org.springframework.core.env.StandardEnvironment - Adding PropertySource 'systemEnvironment' with lowest search precedence
19:52:47.325 [main] DEBUG org.springframework.core.env.StandardEnvironment - Initialized StandardEnvironment with PropertySources [MapPropertySource@2076287037 {name='systemProperties', properties={java.runtime.name=Java(TM) SE Runtime Environment, sun.boot.library.path=C:\Program Files\Java\jdk1.8.0_144\jre\bin, java.vm.version=25.144-b01, java.vm.vendor=Oracle Corporation, java.vendor.url=http://java.oracle.com/, path.separator=;, java.vm.name=Java HotSpot(TM) 64-Bit Server VM, file.encoding.pkg=sun.io, user.country=US, user.script=, sun.java.launcher=SUN_STANDARD, sun.os.patch.level=, java.vm.specification.name=Java Virtual Machine Specification, user.dir=C:\Users\krant\OneDrive\JavaTrainning\DroolsWithReactJS, java.runtime.version=1.8.0_144-b01, basedir=C:\Users\krant\OneDrive\JavaTrainning\DroolsWithReactJS, java.awt.graphicsenv=sun.awt.Win32GraphicsEnvironment, java.endorsed.dirs=C:\Program Files\Java\jdk1.8.0_144\jre\lib\endorsed, os.arch=amd64, surefire.real.class.path=C:\Users\krant\OneDrive\JavaTrainning\DroolsWithReactJS\target\surefire\surefirebooter4741398877357897397.jar, java.io.tmpdir=C:\Users\krant\AppData\Local\Temp\, line.separator=
, java.vm.specification.vendor=Oracle Corporation, user.variant=, os.name=Windows 10, sun.jnu.encoding=Cp1252, java.library.path=C:\Program Files\Java\jdk1.8.0_144\jre\bin;C:\WINDOWS\Sun\Java\bin;C:\WINDOWS\system32;C:\WINDOWS;C:/Program Files/Java/jre1.8.0_144/bin/server;C:/Program Files/Java/jre1.8.0_144/bin;C:/Program Files/Java/jre1.8.0_144/lib/amd64;D:\app\krant\product\11.2.0\client_1;D:\app\krant\product\11.2.0\dbhome_1\bin;C:\ProgramData\Oracle\Java\javapath;C:\WINDOWS\system32;C:\WINDOWS;C:\WINDOWS\System32\Wbem;C:\WINDOWS\System32\WindowsPowerShell\v1.0\;C:\Program Files\Java\jdk1.8.0_144\bin;C:\Program Files\MySQL\MySQL Utilities 1.6\;C:\Program Files\PuTTY\;C:\Program Files\Git\cmd;C:\Users\krant\Desktop\openssl-0.9.8s-x64_86-win64;E:\Software\apache-maven-3.5.0-bin\bin;;C:\Program Files\Cloud Foundry;C:\Program Files\nodejs\;C:\Program Files\Amazon\AWSCLI\;C:\Users\krant\AppData\Local\Microsoft\WindowsApps;C:\Users\krant\AppData\Local\GitHubDesktop\bin;C:\Program Files\Docker Toolbox;C:\Users\krant\AppData\Roaming\npm;C:\WINDOWS\System32;;., surefire.test.class.path=C:\Users\krant\OneDrive\JavaTrainning\DroolsWithReactJS\target\test-classes;C:\Users\krant\OneDrive\JavaTrainning\DroolsWithReactJS\target\classes;C:\Users\krant\.m2\repository\org\springframework\boot\spring-boot-starter-web\1.5.7.RELEASE\spring-boot-starter-web-1.5.7.RELEASE.jar;C:\Users\krant\.m2\repository\org\springframework\boot\spring-boot-starter\1.5.7.RELEASE\spring-boot-starter-1.5.7.RELEASE.jar;C:\Users\krant\.m2\repository\org\springframework\boot\spring-boot-starter-logging\1.5.7.RELEASE\spring-boot-starter-logging-1.5.7.RELEASE.jar;C:\Users\krant\.m2\repository\ch\qos\logback\logback-classic\1.1.11\logback-classic-1.1.11.jar;C:\Users\krant\.m2\repository\ch\qos\logback\logback-core\1.1.11\logback-core-1.1.11.jar;C:\Users\krant\.m2\repository\org\slf4j\jcl-over-slf4j\1.7.25\jcl-over-slf4j-1.7.25.jar;C:\Users\krant\.m2\repository\org\slf4j\jul-to-slf4j\1.7.25\jul-to-slf4j-1.7.25.jar;C:\Users\krant\.m2\repository\org\slf4j\log4j-over-slf4j\1.7.25\log4j-over-slf4j-1.7.25.jar;C:\Users\krant\.m2\repository\org\yaml\snakeyaml\1.17\snakeyaml-1.17.jar;C:\Users\krant\.m2\repository\org\springframework\boot\spring-boot-starter-tomcat\1.5.7.RELEASE\spring-boot-starter-tomcat-1.5.7.RELEASE.jar;C:\Users\krant\.m2\repository\org\apache\tomcat\embed\tomcat-embed-core\8.5.20\tomcat-embed-core-8.5.20.jar;C:\Users\krant\.m2\repository\org\apache\tomcat\embed\tomcat-embed-el\8.5.20\tomcat-embed-el-8.5.20.jar;C:\Users\krant\.m2\repository\org\apache\tomcat\embed\tomcat-embed-websocket\8.5.20\tomcat-embed-websocket-8.5.20.jar;C:\Users\krant\.m2\repository\org\hibernate\hibernate-validator\5.3.5.Final\hibernate-validator-5.3.5.Final.jar;C:\Users\krant\.m2\repository\javax\validation\validation-api\1.1.0.Final\validation-api-1.1.0.Final.jar;C:\Users\krant\.m2\repository\org\jboss\logging\jboss-logging\3.3.1.Final\jboss-logging-3.3.1.Final.jar;C:\Users\krant\.m2\repository\com\fasterxml\classmate\1.3.4\classmate-1.3.4.jar;C:\Users\krant\.m2\repository\com\fasterxml\jackson\core\jackson-databind\2.8.10\jackson-databind-2.8.10.jar;C:\Users\krant\.m2\repository\com\fasterxml\jackson\core\jackson-annotations\2.8.0\jackson-annotations-2.8.0.jar;C:\Users\krant\.m2\repository\com\fasterxml\jackson\core\jackson-core\2.8.10\jackson-core-2.8.10.jar;C:\Users\krant\.m2\repository\org\springframework\spring-web\4.3.11.RELEASE\spring-web-4.3.11.RELEASE.jar;C:\Users\krant\.m2\repository\org\springframework\spring-aop\4.3.11.RELEASE\spring-aop-4.3.11.RELEASE.jar;C:\Users\krant\.m2\repository\org\springframework\spring-webmvc\4.3.11.RELEASE\spring-webmvc-4.3.11.RELEASE.jar;C:\Users\krant\.m2\repository\org\springframework\spring-expression\4.3.11.RELEASE\spring-expression-4.3.11.RELEASE.jar;C:\Users\krant\.m2\repository\org\springframework\boot\spring-boot-devtools\1.5.7.RELEASE\spring-boot-devtools-1.5.7.RELEASE.jar;C:\Users\krant\.m2\repository\org\springframework\boot\spring-boot\1.5.7.RELEASE\spring-boot-1.5.7.RELEASE.jar;C:\Users\krant\.m2\repository\org\springframework\boot\spring-boot-autoconfigure\1.5.7.RELEASE\spring-boot-autoconfigure-1.5.7.RELEASE.jar;C:\Users\krant\.m2\repository\org\springframework\boot\spring-boot-starter-test\1.5.7.RELEASE\spring-boot-starter-test-1.5.7.RELEASE.jar;C:\Users\krant\.m2\repository\org\springframework\boot\spring-boot-test\1.5.7.RELEASE\spring-boot-test-1.5.7.RELEASE.jar;C:\Users\krant\.m2\repository\org\springframework\boot\spring-boot-test-autoconfigure\1.5.7.RELEASE\spring-boot-test-autoconfigure-1.5.7.RELEASE.jar;C:\Users\krant\.m2\repository\com\jayway\jsonpath\json-path\2.2.0\json-path-2.2.0.jar;C:\Users\krant\.m2\repository\net\minidev\json-smart\2.2.1\json-smart-2.2.1.jar;C:\Users\krant\.m2\repository\net\minidev\accessors-smart\1.1\accessors-smart-1.1.jar;C:\Users\krant\.m2\repository\org\ow2\asm\asm\5.0.3\asm-5.0.3.jar;C:\Users\krant\.m2\repository\org\slf4j\slf4j-api\1.7.25\slf4j-api-1.7.25.jar;C:\Users\krant\.m2\repository\junit\junit\4.12\junit-4.12.jar;C:\Users\krant\.m2\repository\org\assertj\assertj-core\2.6.0\assertj-core-2.6.0.jar;C:\Users\krant\.m2\repository\org\mockito\mockito-core\1.10.19\mockito-core-1.10.19.jar;C:\Users\krant\.m2\repository\org\objenesis\objenesis\2.1\objenesis-2.1.jar;C:\Users\krant\.m2\repository\org\hamcrest\hamcrest-core\1.3\hamcrest-core-1.3.jar;C:\Users\krant\.m2\repository\org\hamcrest\hamcrest-library\1.3\hamcrest-library-1.3.jar;C:\Users\krant\.m2\repository\org\skyscreamer\jsonassert\1.4.0\jsonassert-1.4.0.jar;C:\Users\krant\.m2\repository\com\vaadin\external\google\android-json\0.0.20131108.vaadin1\android-json-0.0.20131108.vaadin1.jar;C:\Users\krant\.m2\repository\org\springframework\spring-core\4.3.11.RELEASE\spring-core-4.3.11.RELEASE.jar;C:\Users\krant\.m2\repository\org\springframework\spring-test\4.3.11.RELEASE\spring-test-4.3.11.RELEASE.jar;C:\Users\krant\.m2\repository\org\drools\drools-spring\5.4.0.Final\drools-spring-5.4.0.Final.jar;C:\Users\krant\.m2\repository\org\drools\knowledge-api\5.4.0.Final\knowledge-api-5.4.0.Final.jar;C:\Users\krant\.m2\repository\org\drools\drools-core\5.4.0.Final\drools-core-5.4.0.Final.jar;C:\Users\krant\.m2\repository\org\mvel\mvel2\2.1.0.drools16\mvel2-2.1.0.drools16.jar;C:\Users\krant\.m2\repository\org\drools\knowledge-internal-api\5.4.0.Final\knowledge-internal-api-5.4.0.Final.jar;C:\Users\krant\.m2\repository\org\drools\drools-compiler\5.4.0.Final\drools-compiler-5.4.0.Final.jar;C:\Users\krant\.m2\repository\org\antlr\antlr-runtime\3.3\antlr-runtime-3.3.jar;C:\Users\krant\.m2\repository\org\antlr\antlr\3.3\antlr-3.3.jar;C:\Users\krant\.m2\repository\org\antlr\stringtemplate\3.2.1\stringtemplate-3.2.1.jar;C:\Users\krant\.m2\repository\antlr\antlr\2.7.7\antlr-2.7.7.jar;C:\Users\krant\.m2\repository\org\eclipse\jdt\core\compiler\ecj\3.5.1\ecj-3.5.1.jar;C:\Users\krant\.m2\repository\org\drools\drools-decisiontables\5.4.0.Final\drools-decisiontables-5.4.0.Final.jar;C:\Users\krant\.m2\repository\org\drools\drools-templates\5.4.0.Final\drools-templates-5.4.0.Final.jar;C:\Users\krant\.m2\repository\net\sourceforge\jexcelapi\jxl\2.6.10\jxl-2.6.10.jar;C:\Users\krant\.m2\repository\log4j\log4j\1.2.14\log4j-1.2.14.jar;C:\Users\krant\.m2\repository\org\springframework\spring-beans\4.3.11.RELEASE\spring-beans-4.3.11.RELEASE.jar;C:\Users\krant\.m2\repository\org\springframework\spring-context\4.3.11.RELEASE\spring-context-4.3.11.RELEASE.jar;C:\Users\krant\.m2\repository\org\kie\kie-ci\6.1.0.Final\kie-ci-6.1.0.Final.jar;C:\Users\krant\.m2\repository\org\apache\maven\maven-core\3.0.5\maven-core-3.0.5.jar;C:\Users\krant\.m2\repository\org\apache\maven\maven-settings\3.0.5\maven-settings-3.0.5.jar;C:\Users\krant\.m2\repository\org\apache\maven\maven-settings-builder\3.0.5\maven-settings-builder-3.0.5.jar;C:\Users\krant\.m2\repository\org\apache\maven\maven-repository-metadata\3.0.5\maven-repository-metadata-3.0.5.jar;C:\Users\krant\.m2\repository\org\apache\maven\maven-artifact\3.0.5\maven-artifact-3.0.5.jar;C:\Users\krant\.m2\repository\org\apache\maven\maven-plugin-api\3.0.5\maven-plugin-api-3.0.5.jar;C:\Users\krant\.m2\repository\org\apache\maven\maven-model-builder\3.0.5\maven-model-builder-3.0.5.jar;C:\Users\krant\.m2\repository\org\apache\maven\maven-aether-provider\3.0.5\maven-aether-provider-3.0.5.jar;C:\Users\krant\.m2\repository\org\sonatype\sisu\sisu-inject-plexus\2.3.0\sisu-inject-plexus-2.3.0.jar;C:\Users\krant\.m2\repository\org\sonatype\sisu\sisu-inject-bean\2.3.0\sisu-inject-bean-2.3.0.jar;C:\Users\krant\.m2\repository\org\sonatype\sisu\sisu-guice\3.1.0\sisu-guice-3.1.0-no_aop.jar;C:\Users\krant\.m2\repository\org\sonatype\sisu\sisu-guava\0.9.9\sisu-guava-0.9.9.jar;C:\Users\krant\.m2\repository\org\codehaus\plexus\plexus-interpolation\1.14\plexus-interpolation-1.14.jar;C:\Users\krant\.m2\repository\org\codehaus\plexus\plexus-utils\2.0.6\plexus-utils-2.0.6.jar;C:\Users\krant\.m2\repository\org\codehaus\plexus\plexus-classworlds\2.4\plexus-classworlds-2.4.jar;C:\Users\krant\.m2\repository\org\codehaus\plexus\plexus-component-annotations\1.5.5\plexus-component-annotations-1.5.5.jar;C:\Users\krant\.m2\repository\org\sonatype\plexus\plexus-sec-dispatcher\1.3\plexus-sec-dispatcher-1.3.jar;C:\Users\krant\.m2\repository\org\sonatype\plexus\plexus-cipher\1.4\plexus-cipher-1.4.jar;C:\Users\krant\.m2\repository\org\apache\maven\maven-model\3.0.5\maven-model-3.0.5.jar;C:\Users\krant\.m2\repository\org\apache\maven\maven-compat\3.0.5\maven-compat-3.0.5.jar;C:\Users\krant\.m2\repository\org\apache\maven\wagon\wagon-provider-api\2.4\wagon-provider-api-2.4.jar;C:\Users\krant\.m2\repository\org\sonatype\aether\aether-api\1.13.1\aether-api-1.13.1.jar;C:\Users\krant\.m2\repository\org\sonatype\aether\aether-util\1.13.1\aether-util-1.13.1.jar;C:\Users\krant\.m2\repository\org\sonatype\aether\aether-impl\1.13.1\aether-impl-1.13.1.jar;C:\Users\krant\.m2\repository\org\sonatype\aether\aether-spi\1.13.1\aether-spi-1.13.1.jar;C:\Users\krant\.m2\repository\org\sonatype\aether\aether-connector-wagon\1.13.1\aether-connector-wagon-1.13.1.jar;C:\Users\krant\.m2\repository\org\sonatype\aether\aether-connector-file\1.13.1\aether-connector-file-1.13.1.jar;C:\Users\krant\.m2\repository\org\apache\ant\ant\1.8.2\ant-1.8.2.jar;C:\Users\krant\.m2\repository\org\apache\ant\ant-launcher\1.8.2\ant-launcher-1.8.2.jar;C:\Users\krant\.m2\repository\org\apache\maven\wagon\wagon-http\2.0\wagon-http-2.0.jar;C:\Users\krant\.m2\repository\org\apache\maven\wagon\wagon-http-shared4\2.0\wagon-http-shared4-2.0.jar;C:\Users\krant\.m2\repository\org\jsoup\jsoup\1.6.1\jsoup-1.6.1.jar;C:\Users\krant\.m2\repository\commons-logging\commons-logging\1.1.1\commons-logging-1.1.1.jar;C:\Users\krant\.m2\repository\commons-io\commons-io\2.0.1\commons-io-2.0.1.jar;C:\Users\krant\.m2\repository\org\apache\httpcomponents\httpclient\4.5.3\httpclient-4.5.3.jar;C:\Users\krant\.m2\repository\commons-codec\commons-codec\1.10\commons-codec-1.10.jar;C:\Users\krant\.m2\repository\org\apache\httpcomponents\httpcore\4.4.6\httpcore-4.4.6.jar;, java.specification.name=Java Platform API Specification, java.class.version=52.0, sun.management.compiler=HotSpot 64-Bit Tiered Compilers, os.version=10.0, user.home=C:\Users\krant, user.timezone=America/Chicago, java.awt.printerjob=sun.awt.windows.WPrinterJob, file.encoding=Cp1252, java.specification.version=1.8, java.class.path=C:\Users\krant\OneDrive\JavaTrainning\DroolsWithReactJS\target\test-classes;C:\Users\krant\OneDrive\JavaTrainning\DroolsWithReactJS\target\classes;C:\Users\krant\.m2\repository\org\springframework\boot\spring-boot-starter-web\1.5.7.RELEASE\spring-boot-starter-web-1.5.7.RELEASE.jar;C:\Users\krant\.m2\repository\org\springframework\boot\spring-boot-starter\1.5.7.RELEASE\spring-boot-starter-1.5.7.RELEASE.jar;C:\Users\krant\.m2\repository\org\springframework\boot\spring-boot-starter-logging\1.5.7.RELEASE\spring-boot-starter-logging-1.5.7.RELEASE.jar;C:\Users\krant\.m2\repository\ch\qos\logback\logback-classic\1.1.11\logback-classic-1.1.11.jar;C:\Users\krant\.m2\repository\ch\qos\logback\logback-core\1.1.11\logback-core-1.1.11.jar;C:\Users\krant\.m2\repository\org\slf4j\jcl-over-slf4j\1.7.25\jcl-over-slf4j-1.7.25.jar;C:\Users\krant\.m2\repository\org\slf4j\jul-to-slf4j\1.7.25\jul-to-slf4j-1.7.25.jar;C:\Users\krant\.m2\repository\org\slf4j\log4j-over-slf4j\1.7.25\log4j-over-slf4j-1.7.25.jar;C:\Users\krant\.m2\repository\org\yaml\snakeyaml\1.17\snakeyaml-1.17.jar;C:\Users\krant\.m2\repository\org\springframework\boot\spring-boot-starter-tomcat\1.5.7.RELEASE\spring-boot-starter-tomcat-1.5.7.RELEASE.jar;C:\Users\krant\.m2\repository\org\apache\tomcat\embed\tomcat-embed-core\8.5.20\tomcat-embed-core-8.5.20.jar;C:\Users\krant\.m2\repository\org\apache\tomcat\embed\tomcat-embed-el\8.5.20\tomcat-embed-el-8.5.20.jar;C:\Users\krant\.m2\repository\org\apache\tomcat\embed\tomcat-embed-websocket\8.5.20\tomcat-embed-websocket-8.5.20.jar;C:\Users\krant\.m2\repository\org\hibernate\hibernate-validator\5.3.5.Final\hibernate-validator-5.3.5.Final.jar;C:\Users\krant\.m2\repository\javax\validation\validation-api\1.1.0.Final\validation-api-1.1.0.Final.jar;C:\Users\krant\.m2\repository\org\jboss\logging\jboss-logging\3.3.1.Final\jboss-logging-3.3.1.Final.jar;C:\Users\krant\.m2\repository\com\fasterxml\classmate\1.3.4\classmate-1.3.4.jar;C:\Users\krant\.m2\repository\com\fasterxml\jackson\core\jackson-databind\2.8.10\jackson-databind-2.8.10.jar;C:\Users\krant\.m2\repository\com\fasterxml\jackson\core\jackson-annotations\2.8.0\jackson-annotations-2.8.0.jar;C:\Users\krant\.m2\repository\com\fasterxml\jackson\core\jackson-core\2.8.10\jackson-core-2.8.10.jar;C:\Users\krant\.m2\repository\org\springframework\spring-web\4.3.11.RELEASE\spring-web-4.3.11.RELEASE.jar;C:\Users\krant\.m2\repository\org\springframework\spring-aop\4.3.11.RELEASE\spring-aop-4.3.11.RELEASE.jar;C:\Users\krant\.m2\repository\org\springframework\spring-webmvc\4.3.11.RELEASE\spring-webmvc-4.3.11.RELEASE.jar;C:\Users\krant\.m2\repository\org\springframework\spring-expression\4.3.11.RELEASE\spring-expression-4.3.11.RELEASE.jar;C:\Users\krant\.m2\repository\org\springframework\boot\spring-boot-devtools\1.5.7.RELEASE\spring-boot-devtools-1.5.7.RELEASE.jar;C:\Users\krant\.m2\repository\org\springframework\boot\spring-boot\1.5.7.RELEASE\spring-boot-1.5.7.RELEASE.jar;C:\Users\krant\.m2\repository\org\springframework\boot\spring-boot-autoconfigure\1.5.7.RELEASE\spring-boot-autoconfigure-1.5.7.RELEASE.jar;C:\Users\krant\.m2\repository\org\springframework\boot\spring-boot-starter-test\1.5.7.RELEASE\spring-boot-starter-test-1.5.7.RELEASE.jar;C:\Users\krant\.m2\repository\org\springframework\boot\spring-boot-test\1.5.7.RELEASE\spring-boot-test-1.5.7.RELEASE.jar;C:\Users\krant\.m2\repository\org\springframework\boot\spring-boot-test-autoconfigure\1.5.7.RELEASE\spring-boot-test-autoconfigure-1.5.7.RELEASE.jar;C:\Users\krant\.m2\repository\com\jayway\jsonpath\json-path\2.2.0\json-path-2.2.0.jar;C:\Users\krant\.m2\repository\net\minidev\json-smart\2.2.1\json-smart-2.2.1.jar;C:\Users\krant\.m2\repository\net\minidev\accessors-smart\1.1\accessors-smart-1.1.jar;C:\Users\krant\.m2\repository\org\ow2\asm\asm\5.0.3\asm-5.0.3.jar;C:\Users\krant\.m2\repository\org\slf4j\slf4j-api\1.7.25\slf4j-api-1.7.25.jar;C:\Users\krant\.m2\repository\junit\junit\4.12\junit-4.12.jar;C:\Users\krant\.m2\repository\org\assertj\assertj-core\2.6.0\assertj-core-2.6.0.jar;C:\Users\krant\.m2\repository\org\mockito\mockito-core\1.10.19\mockito-core-1.10.19.jar;C:\Users\krant\.m2\repository\org\objenesis\objenesis\2.1\objenesis-2.1.jar;C:\Users\krant\.m2\repository\org\hamcrest\hamcrest-core\1.3\hamcrest-core-1.3.jar;C:\Users\krant\.m2\repository\org\hamcrest\hamcrest-library\1.3\hamcrest-library-1.3.jar;C:\Users\krant\.m2\repository\org\skyscreamer\jsonassert\1.4.0\jsonassert-1.4.0.jar;C:\Users\krant\.m2\repository\com\vaadin\external\google\android-json\0.0.20131108.vaadin1\android-json-0.0.20131108.vaadin1.jar;C:\Users\krant\.m2\repository\org\springframework\spring-core\4.3.11.RELEASE\spring-core-4.3.11.RELEASE.jar;C:\Users\krant\.m2\repository\org\springframework\spring-test\4.3.11.RELEASE\spring-test-4.3.11.RELEASE.jar;C:\Users\krant\.m2\repository\org\drools\drools-spring\5.4.0.Final\drools-spring-5.4.0.Final.jar;C:\Users\krant\.m2\repository\org\drools\knowledge-api\5.4.0.Final\knowledge-api-5.4.0.Final.jar;C:\Users\krant\.m2\repository\org\drools\drools-core\5.4.0.Final\drools-core-5.4.0.Final.jar;C:\Users\krant\.m2\repository\org\mvel\mvel2\2.1.0.drools16\mvel2-2.1.0.drools16.jar;C:\Users\krant\.m2\repository\org\drools\knowledge-internal-api\5.4.0.Final\knowledge-internal-api-5.4.0.Final.jar;C:\Users\krant\.m2\repository\org\drools\drools-compiler\5.4.0.Final\drools-compiler-5.4.0.Final.jar;C:\Users\krant\.m2\repository\org\antlr\antlr-runtime\3.3\antlr-runtime-3.3.jar;C:\Users\krant\.m2\repository\org\antlr\antlr\3.3\antlr-3.3.jar;C:\Users\krant\.m2\repository\org\antlr\stringtemplate\3.2.1\stringtemplate-3.2.1.jar;C:\Users\krant\.m2\repository\antlr\antlr\2.7.7\antlr-2.7.7.jar;C:\Users\krant\.m2\repository\org\eclipse\jdt\core\compiler\ecj\3.5.1\ecj-3.5.1.jar;C:\Users\krant
[...]
	at org.springframework.test.context.junit4.SpringJUnit4ClassRunner$1.runReflectiveCall(SpringJUnit4ClassRunner.java:287) [spring-test-4.3.11.RELEASE.jar:4.3.11.RELEASE]
	at org.junit.internal.runners.model.ReflectiveCallable.run(ReflectiveCallable.java:12) [junit-4.12.jar:4.12]
	at org.springframework.test.context.junit4.SpringJUnit4ClassRunner.methodBlock(SpringJUnit4ClassRunner.java:289) [spring-test-4.3.11.RELEASE.jar:4.3.11.RELEASE]
	at org.springframework.test.context.junit4.SpringJUnit4ClassRunner.runChild(SpringJUnit4ClassRunner.java:247) [spring-test-4.3.11.RELEASE.jar:4.3.11.RELEASE]
	at org.springframework.test.context.junit4.SpringJUnit4ClassRunner.runChild(SpringJUnit4ClassRunner.java:94) [spring-test-4.3.11.RELEASE.jar:4.3.11.RELEASE]
	at org.junit.runners.ParentRunner$3.run(ParentRunner.java:290) [junit-4.12.jar:4.12]
	at org.junit.runners.ParentRunner$1.schedule(ParentRunner.java:71) [junit-4.12.jar:4.12]
	at org.junit.runners.ParentRunner.runChildren(ParentRunner.java:288) [junit-4.12.jar:4.12]
	at org.junit.runners.ParentRunner.access$000(ParentRunner.java:58) [junit-4.12.jar:4.12]
	at org.junit.runners.ParentRunner$2.evaluate(ParentRunner.java:268) [junit-4.12.jar:4.12]
	at org.springframework.test.context.junit4.statements.RunBeforeTestClassCallbacks.evaluate(RunBeforeTestClassCallbacks.java:61) [spring-test-4.3.11.RELEASE.jar:4.3.11.RELEASE]
	at org.springframework.test.context.junit4.statements.RunAfterTestClassCallbacks.evaluate(RunAfterTestClassCallbacks.java:70) [spring-test-4.3.11.RELEASE.jar:4.3.11.RELEASE]
	at org.junit.runners.ParentRunner.run(ParentRunner.java:363) [junit-4.12.jar:4.12]
	at org.springframework.test.context.junit4.SpringJUnit4ClassRunner.run(SpringJUnit4ClassRunner.java:191) [spring-test-4.3.11.RELEASE.jar:4.3.11.RELEASE]
	at org.apache.maven.surefire.junit4.JUnit4Provider.execute(JUnit4Provider.java:283) [surefire-junit4-2.18.1.jar:2.18.1]
	at org.apache.maven.surefire.junit4.JUnit4Provider.executeWithRerun(JUnit4Provider.java:173) [surefire-junit4-2.18.1.jar:2.18.1]
	at org.apache.maven.surefire.junit4.JUnit4Provider.executeTestSet(JUnit4Provider.java:153) [surefire-junit4-2.18.1.jar:2.18.1]
	at org.apache.maven.surefire.junit4.JUnit4Provider.invoke(JUnit4Provider.java:128) [surefire-junit4-2.18.1.jar:2.18.1]
	at org.apache.maven.surefire.booter.ForkedBooter.invokeProviderInSameClassLoader(ForkedBooter.java:203) [surefire-booter-2.18.1.jar:2.18.1]
	at org.apache.maven.surefire.booter.ForkedBooter.runSuitesInProcess(ForkedBooter.java:155) [surefire-booter-2.18.1.jar:2.18.1]
	at org.apache.maven.surefire.booter.ForkedBooter.main(ForkedBooter.java:103) [surefire-booter-2.18.1.jar:2.18.1]

2017-10-03 19:52:50.225 ERROR 10156 --- [           main] o.s.boot.SpringApplication               : Application startup failed

org.springframework.beans.factory.BeanDefinitionStoreException: Failed to parse configuration class [com.kkalletla.DroolsWithReactJsApplication]; nested exception is java.lang.IllegalStateException: Failed to introspect annotated methods on class com.kkalletla.DroolsWithReactJsApplication
	at org.springframework.context.annotation.ConfigurationClassParser.parse(ConfigurationClassParser.java:181) ~[spring-context-4.3.11.RELEASE.jar:4.3.11.RELEASE]
	at org.springframework.context.annotation.ConfigurationClassPostProcessor.processConfigBeanDefinitions(ConfigurationClassPostProcessor.java:308) ~[spring-context-4.3.11.RELEASE.jar:4.3.11.RELEASE]
	at org.springframework.context.annotation.ConfigurationClassPostProcessor.postProcessBeanDefinitionRegistry(ConfigurationClassPostProcessor.java:228) ~[spring-context-4.3.11.RELEASE.jar:4.3.11.RELEASE]
	at org.springframework.context.support.PostProcessorRegistrationDelegate.invokeBeanDefinitionRegistryPostProcessors(PostProcessorRegistrationDelegate.java:270) ~[spring-context-4.3.11.RELEASE.jar:4.3.11.RELEASE]
	at org.springframework.context.support.PostProcessorRegistrationDelegate.invokeBeanFactoryPostProcessors(PostProcessorRegistrationDelegate.java:93) ~[spring-context-4.3.11.RELEASE.jar:4.3.11.RELEASE]
	at org.springframework.context.support.AbstractApplicationContext.invokeBeanFactoryPostProcessors(AbstractApplicationContext.java:687) ~[spring-context-4.3.11.RELEASE.jar:4.3.11.RELEASE]
	at org.springframework.context.support.AbstractApplicationContext.refresh(AbstractApplicationContext.java:525) ~[spring-context-4.3.11.RELEASE.jar:4.3.11.RELEASE]
	at org.springframework.boot.SpringApplication.refresh(SpringApplication.java:693) ~[spring-boot-1.5.7.RELEASE.jar:1.5.7.RELEASE]
	at org.springframework.boot.SpringApplication.refreshContext(SpringApplication.java:360) ~[spring-boot-1.5.7.RELEASE.jar:1.5.7.RELEASE]
	at org.springframework.boot.SpringApplication.run(SpringApplication.java:303) ~[spring-boot-1.5.7.RELEASE.jar:1.5.7.RELEASE]
	at org.springframework.boot.test.context.SpringBootContextLoader.loadContext(SpringBootContextLoader.java:120) [spring-boot-test-1.5.7.RELEASE.jar:1.5.7.RELEASE]
	at org.springframework.test.context.cache.DefaultCacheAwareContextLoaderDelegate.loadContextInternal(DefaultCacheAwareContextLoaderDelegate.java:98) [spring-test-4.3.11.RELEASE.jar:4.3.11.RELEASE]
	at org.springframework.test.context.cache.DefaultCacheAwareContextLoaderDelegate.loadContext(DefaultCacheAwareContextLoaderDelegate.java:116) [spring-test-4.3.11.RELEASE.jar:4.3.11.RELEASE]
	at org.springframework.test.context.support.DefaultTestContext.getApplicationContext(DefaultTestContext.java:83) [spring-test-4.3.11.RELEASE.jar:4.3.11.RELEASE]
	at org.springframework.test.context.web.ServletTestExecutionListener.setUpRequestContextIfNecessary(ServletTestExecutionListener.java:189) [spring-test-4.3.11.RELEASE.jar:4.3.11.RELEASE]
	at org.springframework.test.context.web.ServletTestExecutionListener.prepareTestInstance(ServletTestExecutionListener.java:131) [spring-test-4.3.11.RELEASE.jar:4.3.11.RELEASE]
	at org.springframework.test.context.TestContextManager.prepareTestInstance(TestContextManager.java:230) [spring-test-4.3.11.RELEASE.jar:4.3.11.RELEASE]
	at org.springframework.test.context.junit4.SpringJUnit4ClassRunner.createTest(SpringJUnit4ClassRunner.java:228) [spring-test-4.3.11.RELEASE.jar:4.3.11.RELEASE]
	at org.springframework.test.context.junit4.SpringJUnit4ClassRunner$1.runReflectiveCall(SpringJUnit4ClassRunner.java:287) [spring-test-4.3.11.RELEASE.jar:4.3.11.RELEASE]
	at org.junit.internal.runners.model.ReflectiveCallable.run(ReflectiveCallable.java:12) [junit-4.12.jar:4.12]
	at org.springframework.test.context.junit4.SpringJUnit4ClassRunner.methodBlock(SpringJUnit4ClassRunner.java:289) [spring-test-4.3.11.RELEASE.jar:4.3.11.RELEASE]
	at org.springframework.test.context.junit4.SpringJUnit4ClassRunner.runChild(SpringJUnit4ClassRunner.java:247) [spring-test-4.3.11.RELEASE.jar:4.3.11.RELEASE]
	at org.springframework.test.context.junit4.SpringJUnit4ClassRunner.runChild(SpringJUnit4ClassRunner.java:94) [spring-test-4.3.11.RELEASE.jar:4.3.11.RELEASE]
	at org.junit.runners.ParentRunner$3.run(ParentRunner.java:290) [junit-4.12.jar:4.12]
	at org.junit.runners.ParentRunner$1.schedule(ParentRunner.java:71) [junit-4.12.jar:4.12]
	at org.junit.runners.ParentRunner.runChildren(ParentRunner.java:288) [junit-4.12.jar:4.12]
	at org.junit.runners.ParentRunner.access$000(ParentRunner.java:58) [junit-4.12.jar:4.12]
	at org.junit.runners.ParentRunner$2.evaluate(ParentRunner.java:268) [junit-4.12.jar:4.12]
	at org.springframework.test.context.junit4.statements.RunBeforeTestClassCallbacks.evaluate(RunBeforeTestClassCallbacks.java:61) [spring-test-4.3.11.RELEASE.jar:4.3.11.RELEASE]
	at org.springframework.test.context.junit4.statements.RunAfterTestClassCallbacks.evaluate(RunAfterTestClassCallbacks.java:70) [spring-test-4.3.11.RELEASE.jar:4.3.11.RELEASE]
	at org.junit.runners.ParentRunner.run(ParentRunner.java:363) [junit-4.12.jar:4.12]
	at org.springframework.test.context.junit4.SpringJUnit4ClassRunner.run(SpringJUnit4ClassRunner.java:191) [spring-test-4.3.11.RELEASE.jar:4.3.11.RELEASE]
	at org.apache.maven.surefire.junit4.JUnit4Provider.execute(JUnit4Provider.java:283) [surefire-junit4-2.18.1.jar:2.18.1]
	at org.apache.maven.surefire.junit4.JUnit4Provider.executeWithRerun(JUnit4Provider.java:173) [surefire-junit4-2.18.1.jar:2.18.1]
	at org.apache.maven.surefire.junit4.JUnit4Provider.executeTestSet(JUnit4Provider.java:153) [surefire-junit4-2.18.1.jar:2.18.1]
	at org.apache.maven.surefire.junit4.JUnit4Provider.invoke(JUnit4Provider.java:128) [surefire-junit4-2.18.1.jar:2.18.1]
	at org.apache.maven.surefire.booter.ForkedBooter.invokeProviderInSameClassLoader(ForkedBooter.java:203) [surefire-booter-2.18.1.jar:2.18.1]
	at org.apache.maven.surefire.booter.ForkedBooter.runSuitesInProcess(ForkedBooter.java:155) [surefire-booter-2.18.1.jar:2.18.1]
	at org.apache.maven.surefire.booter.ForkedBooter.main(ForkedBooter.java:103) [surefire-booter-2.18.1.jar:2.18.1]
Caused by: java.lang.IllegalStateException: Failed to introspect annotated methods on class com.kkalletla.DroolsWithReactJsApplication
	at org.springframework.core.type.StandardAnnotationMetadata.getAnnotatedMethods(StandardAnnotationMetadata.java:163) ~[spring-core-4.3.11.RELEASE.jar:4.3.11.RELEASE]
	at org.springframework.context.annotation.ConfigurationClassParser.retrieveBeanMethodMetadata(ConfigurationClassParser.java:380) ~[spring-context-4.3.11.RELEASE.jar:4.3.11.RELEASE]
	at org.springframework.context.annotation.ConfigurationClassParser.doProcessConfigurationClass(ConfigurationClassParser.java:314) ~[spring-context-4.3.11.RELEASE.jar:4.3.11.RELEASE]
	at org.springframework.context.annotation.ConfigurationClassParser.processConfigurationClass(ConfigurationClassParser.java:245) ~[spring-context-4.3.11.RELEASE.jar:4.3.11.RELEASE]
	at org.springframework.context.annotation.ConfigurationClassParser.parse(ConfigurationClassParser.java:198) ~[spring-context-4.3.11.RELEASE.jar:4.3.11.RELEASE]
	at org.springframework.context.annotation.ConfigurationClassParser.parse(ConfigurationClassParser.java:167) ~[spring-context-4.3.11.RELEASE.jar:4.3.11.RELEASE]
	... 38 common frames omitted
Caused by: java.lang.NoClassDefFoundError: KieContainer
	at java.lang.Class.getDeclaredMethods0(Native Method) ~[na:1.8.0_144]
	at java.lang.Class.privateGetDeclaredMethods(Class.java:2701) ~[na:1.8.0_144]
	at java.lang.Class.getDeclaredMethods(Class.java:1975) ~[na:1.8.0_144]
	at org.springframework.core.type.StandardAnnotationMetadata.getAnnotatedMethods(StandardAnnotationMetadata.java:152) ~[spring-core-4.3.11.RELEASE.jar:4.3.11.RELEASE]
	... 43 common frames omitted
Caused by: java.lang.ClassNotFoundException: KieContainer
	at java.net.URLClassLoader.findClass(URLClassLoader.java:381) ~[na:1.8.0_144]
	at java.lang.ClassLoader.loadClass(ClassLoader.java:424) ~[na:1.8.0_144]
	at sun.misc.Launcher$AppClassLoader.loadClass(Launcher.java:335) ~[na:1.8.0_144]
	at java.lang.ClassLoader.loadClass(ClassLoader.java:357) ~[na:1.8.0_144]
	... 47 common frames omitted

2017-10-03 19:52:50.229 ERROR 10156 --- [           main] o.s.test.context.TestContextManager      : Caught exception while allowing TestExecutionListener [org.springframework.test.context.web.ServletTestExecutionListener@c8e4bb0] to prepare test instance [com.kkalletla.DroolsWithReactJsApplicationTests@38af9828]

java.lang.IllegalStateException: Failed to load ApplicationContext
	at org.springframework.test.context.cache.DefaultCacheAwareContextLoaderDelegate.loadContext(DefaultCacheAwareContextLoaderDelegate.java:124) ~[spring-test-4.3.11.RELEASE.jar:4.3.11.RELEASE]
	at org.springframework.test.context.support.DefaultTestContext.getApplicationContext(DefaultTestContext.java:83) ~[spring-test-4.3.11.RELEASE.jar:4.3.11.RELEASE]
	at org.springframework.test.context.web.ServletTestExecutionListener.setUpRequestContextIfNecessary(ServletTestExecutionListener.java:189) ~[spring-test-4.3.11.RELEASE.jar:4.3.11.RELEASE]
	at org.springframework.test.context.web.ServletTestExecutionListener.prepareTestInstance(ServletTestExecutionListener.java:131) ~[spring-test-4.3.11.RELEASE.jar:4.3.11.RELEASE]
	at org.springframework.test.context.TestContextManager.prepareTestInstance(TestContextManager.java:230) ~[spring-test-4.3.11.RELEASE.jar:4.3.11.RELEASE]
	at org.springframework.test.context.junit4.SpringJUnit4ClassRunner.createTest(SpringJUnit4ClassRunner.java:228) [spring-test-4.3.11.RELEASE.jar:4.3.11.RELEASE]
	at org.springframework.test.context.junit4.SpringJUnit4ClassRunner$1.runReflectiveCall(SpringJUnit4ClassRunner.java:287) [spring-test-4.3.11.RELEASE.jar:4.3.11.RELEASE]
	at org.junit.internal.runners.model.ReflectiveCallable.run(ReflectiveCallable.java:12) [junit-4.12.jar:4.12]
	at org.springframework.test.context.junit4.SpringJUnit4ClassRunner.methodBlock(SpringJUnit4ClassRunner.java:289) [spring-test-4.3.11.RELEASE.jar:4.3.11.RELEASE]
	at org.springframework.test.context.junit4.SpringJUnit4ClassRunner.runChild(SpringJUnit4ClassRunner.java:247) [spring-test-4.3.11.RELEASE.jar:4.3.11.RELEASE]
	at org.springframework.test.context.junit4.SpringJUnit4ClassRunner.runChild(SpringJUnit4ClassRunner.java:94) [spring-test-4.3.11.RELEASE.jar:4.3.11.RELEASE]
	at org.junit.runners.ParentRunner$3.run(ParentRunner.java:290) [junit-4.12.jar:4.12]
	at org.junit.runners.ParentRunner$1.schedule(ParentRunner.java:71) [junit-4.12.jar:4.12]
	at org.junit.runners.ParentRunner.runChildren(ParentRunner.java:288) [junit-4.12.jar:4.12]
	at org.junit.runners.ParentRunner.access$000(ParentRunner.java:58) [junit-4.12.jar:4.12]
	at org.junit.runners.ParentRunner$2.evaluate(ParentRunner.java:268) [junit-4.12.jar:4.12]
	at org.springframework.test.context.junit4.statements.RunBeforeTestClassCallbacks.evaluate(RunBeforeTestClassCallbacks.java:61) [spring-test-4.3.11.RELEASE.jar:4.3.11.RELEASE]
	at org.springframework.test.context.junit4.statements.RunAfterTestClassCallbacks.evaluate(RunAfterTestClassCallbacks.java:70) [spring-test-4.3.11.RELEASE.jar:4.3.11.RELEASE]
	at org.junit.runners.ParentRunner.run(ParentRunner.java:363) [junit-4.12.jar:4.12]
	at org.springframework.test.context.junit4.SpringJUnit4ClassRunner.run(SpringJUnit4ClassRunner.java:191) [spring-test-4.3.11.RELEASE.jar:4.3.11.RELEASE]
	at org.apache.maven.surefire.junit4.JUnit4Provider.execute(JUnit4Provider.java:283) [surefire-junit4-2.18.1.jar:2.18.1]
	at org.apache.maven.surefire.junit4.JUnit4Provider.executeWithRerun(JUnit4Provider.java:173) [surefire-junit4-2.18.1.jar:2.18.1]
	at org.apache.maven.surefire.junit4.JUnit4Provider.executeTestSet(JUnit4Provider.java:153) [surefire-junit4-2.18.1.jar:2.18.1]
	at org.apache.maven.surefire.junit4.JUnit4Provider.invoke(JUnit4Provider.java:128) [surefire-junit4-2.18.1.jar:2.18.1]
	at org.apache.maven.surefire.booter.ForkedBooter.invokeProviderInSameClassLoader(ForkedBooter.java:203) [surefire-booter-2.18.1.jar:2.18.1]
	at org.apache.maven.surefire.booter.ForkedBooter.runSuitesInProcess(ForkedBooter.java:155) [surefire-booter-2.18.1.jar:2.18.1]
	at org.apache.maven.surefire.booter.ForkedBooter.main(ForkedBooter.java:103) [surefire-booter-2.18.1.jar:2.18.1]
Caused by: org.springframework.beans.factory.BeanDefinitionStoreException: Failed to parse configuration class [com.kkalletla.DroolsWithReactJsApplication]; nested exception is java.lang.IllegalStateException: Failed to introspect annotated methods on class com.kkalletla.DroolsWithReactJsApplication
	at org.springframework.context.annotation.ConfigurationClassParser.parse(ConfigurationClassParser.java:181) ~[spring-context-4.3.11.RELEASE.jar:4.3.11.RELEASE]
	at org.springframework.context.annotation.ConfigurationClassPostProcessor.processConfigBeanDefinitions(ConfigurationClassPostProcessor.java:308) ~[spring-context-4.3.11.RELEASE.jar:4.3.11.RELEASE]
	at org.springframework.context.annotation.ConfigurationClassPostProcessor.postProcessBeanDefinitionRegistry(ConfigurationClassPostProcessor.java:228) ~[spring-context-4.3.11.RELEASE.jar:4.3.11.RELEASE]
	at org.springframework.context.support.PostProcessorRegistrationDelegate.invokeBeanDefinitionRegistryPostProcessors(PostProcessorRegistrationDelegate.java:270) ~[spring-context-4.3.11.RELEASE.jar:4.3.11.RELEASE]
	at org.springframework.context.support.PostProcessorRegistrationDelegate.invokeBeanFactoryPostProcessors(PostProcessorRegistrationDelegate.java:93) ~[spring-context-4.3.11.RELEASE.jar:4.3.11.RELEASE]
	at org.springframework.context.support.AbstractApplicationContext.invokeBeanFactoryPostProcessors(AbstractApplicationContext.java:687) ~[spring-context-4.3.11.RELEASE.jar:4.3.11.RELEASE]
	at org.springframework.context.support.AbstractApplicationContext.refresh(AbstractApplicationContext.java:525) ~[spring-context-4.3.11.RELEASE.jar:4.3.11.RELEASE]
	at org.springframework.boot.SpringApplication.refresh(SpringApplication.java:693) ~[spring-boot-1.5.7.RELEASE.jar:1.5.7.RELEASE]
	at org.springframework.boot.SpringApplication.refreshContext(SpringApplication.java:360) ~[spring-boot-1.5.7.RELEASE.jar:1.5.7.RELEASE]
	at org.springframework.boot.SpringApplication.run(SpringApplication.java:303) ~[spring-boot-1.5.7.RELEASE.jar:1.5.7.RELEASE]
	at org.springframework.boot.test.context.SpringBootContextLoader.loadContext(SpringBootContextLoader.java:120) ~[spring-boot-test-1.5.7.RELEASE.jar:1.5.7.RELEASE]
	at org.springframework.test.context.cache.DefaultCacheAwareContextLoaderDelegate.loadContextInternal(DefaultCacheAwareContextLoaderDelegate.java:98) ~[spring-test-4.3.11.RELEASE.jar:4.3.11.RELEASE]
	at org.springframework.test.context.cache.DefaultCacheAwareContextLoaderDelegate.loadContext(DefaultCacheAwareContextLoaderDelegate.java:116) ~[spring-test-4.3.11.RELEASE.jar:4.3.11.RELEASE]
	... 26 common frames omitted
Caused by: java.lang.IllegalStateException: Failed to introspect annotated methods on class com.kkalletla.DroolsWithReactJsApplication
	at org.springframework.core.type.StandardAnnotationMetadata.getAnnotatedMethods(StandardAnnotationMetadata.java:163) ~[spring-core-4.3.11.RELEASE.jar:4.3.11.RELEASE]
	at org.springframework.context.annotation.ConfigurationClassParser.retrieveBeanMethodMetadata(ConfigurationClassParser.java:380) ~[spring-context-4.3.11.RELEASE.jar:4.3.11.RELEASE]
	at org.springframework.context.annotation.ConfigurationClassParser.doProcessConfigurationClass(ConfigurationClassParser.java:314) ~[spring-context-4.3.11.RELEASE.jar:4.3.11.RELEASE]
	at org.springframework.context.annotation.ConfigurationClassParser.processConfigurationClass(ConfigurationClassParser.java:245) ~[spring-context-4.3.11.RELEASE.jar:4.3.11.RELEASE]
	at org.springframework.context.annotation.ConfigurationClassParser.parse(ConfigurationClassParser.java:198) ~[spring-context-4.3.11.RELEASE.jar:4.3.11.RELEASE]
	at org.springframework.context.annotation.ConfigurationClassParser.parse(ConfigurationClassParser.java:167) ~[spring-context-4.3.11.RELEASE.jar:4.3.11.RELEASE]
	... 38 common frames omitted
Caused by: java.lang.NoClassDefFoundError: KieContainer
	at java.lang.Class.getDeclaredMethods0(Native Method) ~[na:1.8.0_144]
	at java.lang.Class.privateGetDeclaredMethods(Class.java:2701) ~[na:1.8.0_144]
	at java.lang.Class.getDeclaredMethods(Class.java:1975) ~[na:1.8.0_144]
	at org.springframework.core.type.StandardAnnotationMetadata.getAnnotatedMethods(StandardAnnotationMetadata.java:152) ~[spring-core-4.3.11.RELEASE.jar:4.3.11.RELEASE]
	... 43 common frames omitted
Caused by: java.lang.ClassNotFoundException: KieContainer
	at java.net.URLClassLoader.findClass(URLClassLoader.java:381) ~[na:1.8.0_144]
	at java.lang.ClassLoader.loadClass(ClassLoader.java:424) ~[na:1.8.0_144]
	at sun.misc.Launcher$AppClassLoader.loadClass(Launcher.java:335) ~[na:1.8.0_144]
	at java.lang.ClassLoader.loadClass(ClassLoader.java:357) ~[na:1.8.0_144]
	... 47 common frames omitted

]]></system-out>
  </testcase>
</testsuite>